#
# There is insufficient memory for the Java Runtime Environment to continue.
# Native memory allocation (malloc) failed to allocate 926176 bytes for Chunk::new
# Possible reasons:
#   The system is out of physical RAM or swap space
#   The process is running with CompressedOops enabled, and the Java Heap may be blocking the growth of the native heap
# Possible solutions:
#   Reduce memory load on the system
#   Increase physical memory or swap space
#   Check if swap backing store is full
#   Decrease Java heap size (-Xmx/-Xms)
#   Decrease number of Java threads
#   Decrease Java thread stack sizes (-Xss)
#   Set larger code cache with -XX:ReservedCodeCacheSize=
#   JVM is running with Unscaled Compressed Oops mode in which the Java heap is
#     placed in the first 4GB address space. The Java Heap base address is the
#     maximum limit for the native heap growth. Please use -XX:HeapBaseMinAddress
#     to set the Java Heap base and to place the Java Heap above 4GB virtual address.
# This output file may be truncated or incomplete.
#
#  Out of Memory Error (./src/hotspot/share/memory/arena.cpp:197), pid=3056, tid=10724
#
# JRE version: OpenJDK Runtime Environment (11.0.12+7) (build 11.0.12+7-b1504.28-7817840)
# Java VM: OpenJDK 64-Bit Server VM (11.0.12+7-b1504.28-7817840, mixed mode, tiered, compressed oops, g1 gc, windows-amd64)
# No core dump will be written. Minidumps are not enabled by default on client versions of Windows
#

---------------  S U M M A R Y ------------

Command Line: --add-opens=java.base/java.util=ALL-UNNAMED --add-opens=java.base/java.lang=ALL-UNNAMED --add-opens=java.base/java.lang.invoke=ALL-UNNAMED --add-opens=java.base/java.util=ALL-UNNAMED --add-opens=java.prefs/java.util.prefs=ALL-UNNAMED --add-opens=java.prefs/java.util.prefs=ALL-UNNAMED --add-opens=java.base/java.nio.charset=ALL-UNNAMED --add-opens=java.base/java.net=ALL-UNNAMED --add-opens=java.base/java.util.concurrent.atomic=ALL-UNNAMED -Xmx2048m -Dfile.encoding=UTF-8 -Duser.country=CA -Duser.language=en -Duser.variant org.gradle.launcher.daemon.bootstrap.GradleDaemon 7.3.3

Host: AMD Ryzen 7 4800HS with Radeon Graphics         , 16 cores, 15G,  Windows 10 , 64 bit Build 19041 (10.0.19041.1741)
Time: Sat Jun 18 16:42:51 2022 Central Daylight Time elapsed time: 10.029161 seconds (0d 0h 0m 10s)

---------------  T H R E A D  ---------------

Current thread (0x0000027262a32000):  JavaThread "C2 CompilerThread0" daemon [_thread_in_native, id=10724, stack(0x000000e39d200000,0x000000e39d300000)]


Current CompileTask:
C2:  10029 6038       4       org.objectweb.asm.Frame::execute (2318 bytes)

Stack: [0x000000e39d200000,0x000000e39d300000]
Native frames: (J=compiled Java code, j=interpreted, Vv=VM code, C=native code)
V  [jvm.dll+0x5fbcea]
V  [jvm.dll+0x731905]
V  [jvm.dll+0x732f1d]
V  [jvm.dll+0x7335d3]
V  [jvm.dll+0x247bf8]
V  [jvm.dll+0xc018c]
V  [jvm.dll+0xc06cc]
V  [jvm.dll+0x2bcc04]
V  [jvm.dll+0x5113a8]
V  [jvm.dll+0x208303]
V  [jvm.dll+0x201fe0]
V  [jvm.dll+0x1ff71f]
V  [jvm.dll+0x18868c]
V  [jvm.dll+0x20e0d7]
V  [jvm.dll+0x20c901]
V  [jvm.dll+0x6f9b7f]
V  [jvm.dll+0x6f26a5]
V  [jvm.dll+0x5fabf6]
C  [ucrtbase.dll+0x21bb2]
C  [KERNEL32.DLL+0x17034]
C  [ntdll.dll+0x52651]


---------------  P R O C E S S  ---------------

Threads class SMR info:
_java_thread_list=0x0000027266947bb0, length=187, elements={
0x00000272451f8000, 0x00000272629c3800, 0x00000272629d1800, 0x0000027262a21800,
0x0000027262a22800, 0x0000027262a25000, 0x0000027262a32000, 0x0000027262a38800,
0x0000027262a42000, 0x0000027262b80000, 0x0000027262ba3000, 0x0000027263dcd800,
0x0000027265bc1000, 0x0000027262ba1000, 0x0000027262ba6000, 0x0000027262ba4800,
0x0000027262ba2000, 0x0000027262ba0800, 0x0000027262ba7000, 0x0000027262ba3800,
0x0000027262ba5800, 0x0000027264fe1800, 0x0000027264fe1000, 0x0000027264fde800,
0x0000027264fdd000, 0x0000027264fe0000, 0x0000027264fe3800, 0x0000027264fdd800,
0x0000027264fe2800, 0x0000027264fe4000, 0x0000027264fe5000, 0x0000027264fdf000,
0x0000027264fe7800, 0x0000027264fe6000, 0x0000027264fe6800, 0x0000027264fe9000,
0x0000027264fea000, 0x0000027264fea800, 0x00000272689a0800, 0x00000272689a0000,
0x00000272689a4000, 0x00000272689a3000, 0x000002726899e800, 0x00000272689a1800,
0x00000272689a2800, 0x00000272689a5000, 0x000002726899f000, 0x00000272689a9800,
0x00000272689aa800, 0x00000272689ab800, 0x00000272689a8000, 0x00000272689a7800,
0x00000272689a5800, 0x00000272689ac000, 0x00000272689a6800, 0x00000272689a9000,
0x00000272689ad000, 0x0000027265186000, 0x0000027265181800, 0x0000027265184800,
0x0000027265185800, 0x0000027265180800, 0x0000027265187000, 0x0000027265188000,
0x0000027265182000, 0x0000027265188800, 0x0000027265183000, 0x0000027265189800,
0x0000027265183800, 0x000002726518d800, 0x000002726518b000, 0x000002726518e800,
0x000002726518a800, 0x000002726518c000, 0x000002726518c800, 0x000002726518f000,
0x0000027263048000, 0x0000027263048800, 0x0000027263049800, 0x000002726304d000,
0x000002726304a800, 0x000002726304b000, 0x000002726304c000, 0x0000027263047000,
0x000002726304e800, 0x0000027263051800, 0x000002726304f000, 0x0000027263051000,
0x0000027263050000, 0x0000027263052800, 0x0000027263053800, 0x000002726304d800,
0x0000027263054000, 0x0000027263055000, 0x0000027263056000, 0x0000027269ca5800,
0x0000027269ca4800, 0x0000027269ca6000, 0x0000027269ca7000, 0x0000027269ca9800,
0x0000027269ca8000, 0x0000027269ca8800, 0x0000027269ca3800, 0x0000027269cb0000,
0x0000027269cae800, 0x0000027269cab000, 0x0000027269cac800, 0x0000027269caa000,
0x0000027269caf000, 0x0000027269cb1000, 0x0000027269cb1800, 0x0000027269cac000,
0x0000027269cad800, 0x0000027269cb2800, 0x0000027267e78800, 0x0000027267e73800,
0x0000027267e75000, 0x0000027267e77000, 0x0000027267e79800, 0x0000027267e7a000,
0x0000027267e77800, 0x0000027267e74800, 0x0000027267e7b000, 0x0000027267e7b800,
0x0000027267e76000, 0x0000027267e81800, 0x0000027267e82000, 0x0000027267e7d800,
0x0000027267e7c800, 0x0000027267e7e000, 0x0000027267e7f000, 0x0000027267e80000,
0x0000027267e80800, 0x000002726841f000, 0x000002726841f800, 0x000002726841b000,
0x000002726841a000, 0x0000027268420800, 0x000002726841c800, 0x0000027268421800,
0x000002726841b800, 0x0000027268422000, 0x0000027268423000, 0x000002726841d800,
0x0000027268424000, 0x000002726841e000, 0x0000027268428800, 0x0000027268424800,
0x0000027268427000, 0x0000027268425800, 0x0000027268426800, 0x0000027268428000,
0x0000027269dc1000, 0x0000027269dc1800, 0x0000027269dbe800, 0x0000027269dc0000,
0x0000027269dc2800, 0x0000027269dc3800, 0x0000027269dbf800, 0x0000027269dc8800,
0x0000027269dc7800, 0x0000027269dc9000, 0x0000027269dca000, 0x0000027269dc6000,
0x0000027269dc4000, 0x0000027269dc6800, 0x0000027269dca800, 0x0000027269dc5000,
0x0000027269dcc800, 0x0000027269dcb800, 0x0000027269dcd000, 0x0000027265806800,
0x0000027265807800, 0x0000027265808800, 0x0000027265809000, 0x0000027265805000,
0x000002726580a000, 0x0000027265806000, 0x0000027265804800, 0x000002726580e000,
0x000002726580f000, 0x000002726580b000, 0x0000027265810800, 0x000002726580f800,
0x0000027265811800, 0x000002726580b800, 0x0000027265812000
}

Java Threads: ( => current thread )
  0x00000272451f8000 JavaThread "main" [_thread_blocked, id=21268, stack(0x000000e39c600000,0x000000e39c700000)]
  0x00000272629c3800 JavaThread "Reference Handler" daemon [_thread_blocked, id=20688, stack(0x000000e39cd00000,0x000000e39ce00000)]
  0x00000272629d1800 JavaThread "Finalizer" daemon [_thread_blocked, id=9600, stack(0x000000e39ce00000,0x000000e39cf00000)]
  0x0000027262a21800 JavaThread "Signal Dispatcher" daemon [_thread_blocked, id=932, stack(0x000000e39cf00000,0x000000e39d000000)]
  0x0000027262a22800 JavaThread "Attach Listener" daemon [_thread_blocked, id=3764, stack(0x000000e39d000000,0x000000e39d100000)]
  0x0000027262a25000 JavaThread "Service Thread" daemon [_thread_blocked, id=4648, stack(0x000000e39d100000,0x000000e39d200000)]
=>0x0000027262a32000 JavaThread "C2 CompilerThread0" daemon [_thread_in_native, id=10724, stack(0x000000e39d200000,0x000000e39d300000)]
  0x0000027262a38800 JavaThread "C1 CompilerThread0" daemon [_thread_blocked, id=5964, stack(0x000000e39d300000,0x000000e39d400000)]
  0x0000027262a42000 JavaThread "Sweeper thread" daemon [_thread_blocked, id=21380, stack(0x000000e39d400000,0x000000e39d500000)]
  0x0000027262b80000 JavaThread "C1 CompilerThread1" daemon [_thread_blocked, id=18136, stack(0x000000e39d500000,0x000000e39d600000)]
  0x0000027262ba3000 JavaThread "Common-Cleaner" daemon [_thread_blocked, id=11108, stack(0x000000e39d600000,0x000000e39d700000)]
  0x0000027263dcd800 JavaThread "C1 CompilerThread2" daemon [_thread_blocked, id=16552, stack(0x000000e39de00000,0x000000e39df00000)]
  0x0000027265bc1000 JavaThread "C1 CompilerThread3" daemon [_thread_blocked, id=11608, stack(0x000000e39df00000,0x000000e39e000000)]
  0x0000027262ba1000 JavaThread "Daemon health stats" [_thread_blocked, id=18664, stack(0x000000e39e100000,0x000000e39e200000)]
  0x0000027262ba6000 JavaThread "Incoming local TCP Connector on port 1820" [_thread_in_native, id=11464, stack(0x000000e39d800000,0x000000e39d900000)]
  0x0000027262ba4800 JavaThread "Daemon periodic checks" [_thread_blocked, id=4488, stack(0x000000e39d900000,0x000000e39da00000)]
  0x0000027262ba2000 JavaThread "Daemon" [_thread_blocked, id=7848, stack(0x000000e39e000000,0x000000e39e100000)]
  0x0000027262ba0800 JavaThread "Handler for socket connection from /127.0.0.1:1820 to /127.0.0.1:1821" [_thread_in_native, id=16448, stack(0x000000e39e200000,0x000000e39e300000)]
  0x0000027262ba7000 JavaThread "Cancel handler" [_thread_blocked, id=20152, stack(0x000000e39e300000,0x000000e39e400000)]
  0x0000027262ba3800 JavaThread "Daemon worker" [_thread_in_native, id=1072, stack(0x000000e39e400000,0x000000e39e500000)]
  0x0000027262ba5800 JavaThread "Asynchronous log dispatcher for DefaultDaemonConnection: socket connection from /127.0.0.1:1820 to /127.0.0.1:1821" [_thread_blocked, id=9440, stack(0x000000e39e500000,0x000000e39e600000)]
  0x0000027264fe1800 JavaThread "Stdin handler" [_thread_blocked, id=12044, stack(0x000000e39e600000,0x000000e39e700000)]
  0x0000027264fe1000 JavaThread "Daemon client event forwarder" [_thread_blocked, id=11832, stack(0x000000e39e700000,0x000000e39e800000)]
  0x0000027264fde800 JavaThread "Cache worker for journal cache (C:\Users\sidhu\.gradle\caches\journal-1)" [_thread_blocked, id=16068, stack(0x000000e39e800000,0x000000e39e900000)]
  0x0000027264fdd000 JavaThread "File lock request listener" [_thread_in_native, id=20356, stack(0x000000e39e900000,0x000000e39ea00000)]
  0x0000027264fe0000 JavaThread "Cache worker for file hash cache (C:\Users\sidhu\.gradle\caches\7.3.3\fileHashes)" [_thread_blocked, id=19020, stack(0x000000e39ea00000,0x000000e39eb00000)]
  0x0000027264fe3800 JavaThread "Cache worker for file hash cache (C:\Users\sidhu\AndroidStudioProjects\ACMIS\.gradle\7.3.3\fileHashes)" [_thread_blocked, id=10756, stack(0x000000e39f600000,0x000000e39f700000)]
  0x0000027264fdd800 JavaThread "File watcher server" daemon [_thread_in_native, id=20852, stack(0x000000e39f800000,0x000000e39f900000)]
  0x0000027264fe2800 JavaThread "File watcher consumer" daemon [_thread_blocked, id=11052, stack(0x000000e39f900000,0x000000e39fa00000)]
  0x0000027264fe4000 JavaThread "Cache worker for checksums cache (C:\Users\sidhu\AndroidStudioProjects\ACMIS\.gradle\7.3.3\checksums)" [_thread_blocked, id=15880, stack(0x000000e39fa00000,0x000000e39fb00000)]
  0x0000027264fe5000 JavaThread "Cache worker for cache directory md-supplier (C:\Users\sidhu\.gradle\caches\7.3.3\md-supplier)" [_thread_blocked, id=9472, stack(0x000000e39fb00000,0x000000e39fc00000)]
  0x0000027264fdf000 JavaThread "Cache worker for cache directory md-rule (C:\Users\sidhu\.gradle\caches\7.3.3\md-rule)" [_thread_blocked, id=12648, stack(0x000000e39fc00000,0x000000e39fd00000)]
  0x0000027264fe7800 JavaThread "Cache worker for execution history cache (C:\Users\sidhu\.gradle\caches\7.3.3\executionHistory)" [_thread_blocked, id=11244, stack(0x000000e39fd00000,0x000000e39fe00000)]
  0x0000027264fe6000 JavaThread "jar transforms" [_thread_blocked, id=1532, stack(0x000000e39ff00000,0x000000e3a0000000)]
  0x0000027264fe6800 JavaThread "Cache worker for file content cache (C:\Users\sidhu\.gradle\caches\7.3.3\fileContent)" [_thread_blocked, id=9840, stack(0x000000e3a0000000,0x000000e3a0100000)]
  0x0000027264fe9000 JavaThread "jar transforms Thread 2" [_thread_blocked, id=16500, stack(0x000000e3a0100000,0x000000e3a0200000)]
  0x0000027264fea000 JavaThread "Cache worker for dependencies-accessors (C:\Users\sidhu\AndroidStudioProjects\ACMIS\.gradle\7.3.3\dependencies-accessors)" [_thread_blocked, id=18956, stack(0x000000e39fe00000,0x000000e39ff00000)]
  0x0000027264fea800 JavaThread "jar transforms Thread 3" [_thread_blocked, id=15296, stack(0x000000e39f500000,0x000000e39f600000)]
  0x00000272689a0800 JavaThread "Cache worker for Build Output Cleanup Cache (C:\Users\sidhu\AndroidStudioProjects\ACMIS\.gradle\buildOutputCleanup)" [_thread_blocked, id=3068, stack(0x000000e39f700000,0x000000e39f800000)]
  0x00000272689a0000 JavaThread "Unconstrained build operations" [_thread_blocked, id=8808, stack(0x000000e3a0200000,0x000000e3a0300000)]
  0x00000272689a4000 JavaThread "Unconstrained build operations Thread 2" [_thread_blocked, id=18196, stack(0x000000e3a0300000,0x000000e3a0400000)]
  0x00000272689a3000 JavaThread "Unconstrained build operations Thread 3" [_thread_blocked, id=5736, stack(0x000000e3a0400000,0x000000e3a0500000)]
  0x000002726899e800 JavaThread "Unconstrained build operations Thread 4" [_thread_blocked, id=5984, stack(0x000000e3a0500000,0x000000e3a0600000)]
  0x00000272689a1800 JavaThread "Unconstrained build operations Thread 5" [_thread_blocked, id=18796, stack(0x000000e3a0600000,0x000000e3a0700000)]
  0x00000272689a2800 JavaThread "Unconstrained build operations Thread 6" [_thread_blocked, id=3188, stack(0x000000e3a0700000,0x000000e3a0800000)]
  0x00000272689a5000 JavaThread "Unconstrained build operations Thread 7" [_thread_blocked, id=9844, stack(0x000000e3a0800000,0x000000e3a0900000)]
  0x000002726899f000 JavaThread "Unconstrained build operations Thread 8" [_thread_blocked, id=9944, stack(0x000000e3a0900000,0x000000e3a0a00000)]
  0x00000272689a9800 JavaThread "Unconstrained build operations Thread 9" [_thread_blocked, id=19460, stack(0x000000e3a0a00000,0x000000e3a0b00000)]
  0x00000272689aa800 JavaThread "Unconstrained build operations Thread 10" [_thread_blocked, id=15392, stack(0x000000e3a0b00000,0x000000e3a0c00000)]
  0x00000272689ab800 JavaThread "Unconstrained build operations Thread 11" [_thread_blocked, id=20488, stack(0x000000e3a0c00000,0x000000e3a0d00000)]
  0x00000272689a8000 JavaThread "Unconstrained build operations Thread 12" [_thread_blocked, id=13356, stack(0x000000e3a0d00000,0x000000e3a0e00000)]
  0x00000272689a7800 JavaThread "Unconstrained build operations Thread 13" [_thread_blocked, id=21084, stack(0x000000e3a0e00000,0x000000e3a0f00000)]
  0x00000272689a5800 JavaThread "Unconstrained build operations Thread 14" [_thread_blocked, id=11396, stack(0x000000e3a0f00000,0x000000e3a1000000)]
  0x00000272689ac000 JavaThread "Unconstrained build operations Thread 15" [_thread_blocked, id=18436, stack(0x000000e3a1000000,0x000000e3a1100000)]
  0x00000272689a6800 JavaThread "Unconstrained build operations Thread 16" [_thread_blocked, id=20124, stack(0x000000e3a1100000,0x000000e3a1200000)]
  0x00000272689a9000 JavaThread "Unconstrained build operations Thread 17" [_thread_blocked, id=11152, stack(0x000000e3a1200000,0x000000e3a1300000)]
  0x00000272689ad000 JavaThread "Unconstrained build operations Thread 18" [_thread_blocked, id=17552, stack(0x000000e3a1300000,0x000000e3a1400000)]
  0x0000027265186000 JavaThread "Unconstrained build operations Thread 19" [_thread_blocked, id=9356, stack(0x000000e3a1400000,0x000000e3a1500000)]
  0x0000027265181800 JavaThread "Unconstrained build operations Thread 20" [_thread_blocked, id=20552, stack(0x000000e3a1500000,0x000000e3a1600000)]
  0x0000027265184800 JavaThread "Unconstrained build operations Thread 21" [_thread_blocked, id=21076, stack(0x000000e3a1600000,0x000000e3a1700000)]
  0x0000027265185800 JavaThread "Unconstrained build operations Thread 22" [_thread_blocked, id=7992, stack(0x000000e3a1700000,0x000000e3a1800000)]
  0x0000027265180800 JavaThread "Unconstrained build operations Thread 23" [_thread_blocked, id=6400, stack(0x000000e3a1800000,0x000000e3a1900000)]
  0x0000027265187000 JavaThread "Unconstrained build operations Thread 24" [_thread_blocked, id=16956, stack(0x000000e3a1900000,0x000000e3a1a00000)]
  0x0000027265188000 JavaThread "Unconstrained build operations Thread 25" [_thread_blocked, id=3784, stack(0x000000e3a1a00000,0x000000e3a1b00000)]
  0x0000027265182000 JavaThread "Unconstrained build operations Thread 26" [_thread_blocked, id=19568, stack(0x000000e3a1b00000,0x000000e3a1c00000)]
  0x0000027265188800 JavaThread "Unconstrained build operations Thread 27" [_thread_blocked, id=5848, stack(0x000000e3a1c00000,0x000000e3a1d00000)]
  0x0000027265183000 JavaThread "Unconstrained build operations Thread 28" [_thread_blocked, id=18456, stack(0x000000e3a1d00000,0x000000e3a1e00000)]
  0x0000027265189800 JavaThread "Unconstrained build operations Thread 29" [_thread_blocked, id=3472, stack(0x000000e3a1e00000,0x000000e3a1f00000)]
  0x0000027265183800 JavaThread "Unconstrained build operations Thread 30" [_thread_blocked, id=4344, stack(0x000000e3a1f00000,0x000000e3a2000000)]
  0x000002726518d800 JavaThread "Unconstrained build operations Thread 31" [_thread_blocked, id=5992, stack(0x000000e3a2000000,0x000000e3a2100000)]
  0x000002726518b000 JavaThread "Unconstrained build operations Thread 32" [_thread_blocked, id=4248, stack(0x000000e3a2100000,0x000000e3a2200000)]
  0x000002726518e800 JavaThread "Unconstrained build operations Thread 33" [_thread_blocked, id=6172, stack(0x000000e3a2200000,0x000000e3a2300000)]
  0x000002726518a800 JavaThread "Unconstrained build operations Thread 34" [_thread_blocked, id=19564, stack(0x000000e3a2300000,0x000000e3a2400000)]
  0x000002726518c000 JavaThread "Unconstrained build operations Thread 35" [_thread_blocked, id=8720, stack(0x000000e3a2400000,0x000000e3a2500000)]
  0x000002726518c800 JavaThread "Unconstrained build operations Thread 36" [_thread_blocked, id=3948, stack(0x000000e3a2500000,0x000000e3a2600000)]
  0x000002726518f000 JavaThread "Unconstrained build operations Thread 37" [_thread_blocked, id=2656, stack(0x000000e3a2600000,0x000000e3a2700000)]
  0x0000027263048000 JavaThread "Unconstrained build operations Thread 38" [_thread_blocked, id=12076, stack(0x000000e3a2700000,0x000000e3a2800000)]
  0x0000027263048800 JavaThread "Unconstrained build operations Thread 39" [_thread_blocked, id=19112, stack(0x000000e3a2800000,0x000000e3a2900000)]
  0x0000027263049800 JavaThread "Unconstrained build operations Thread 40" [_thread_blocked, id=15224, stack(0x000000e3a2900000,0x000000e3a2a00000)]
  0x000002726304d000 JavaThread "Unconstrained build operations Thread 41" [_thread_blocked, id=20504, stack(0x000000e3a2a00000,0x000000e3a2b00000)]
  0x000002726304a800 JavaThread "Unconstrained build operations Thread 42" [_thread_blocked, id=13320, stack(0x000000e3a2b00000,0x000000e3a2c00000)]
  0x000002726304b000 JavaThread "Unconstrained build operations Thread 43" [_thread_blocked, id=2124, stack(0x000000e3a2c00000,0x000000e3a2d00000)]
  0x000002726304c000 JavaThread "Unconstrained build operations Thread 44" [_thread_blocked, id=13464, stack(0x000000e3a2d00000,0x000000e3a2e00000)]
  0x0000027263047000 JavaThread "Unconstrained build operations Thread 45" [_thread_blocked, id=19236, stack(0x000000e3a2e00000,0x000000e3a2f00000)]
  0x000002726304e800 JavaThread "Unconstrained build operations Thread 46" [_thread_blocked, id=19128, stack(0x000000e3a2f00000,0x000000e3a3000000)]
  0x0000027263051800 JavaThread "Unconstrained build operations Thread 47" [_thread_blocked, id=3392, stack(0x000000e3a3000000,0x000000e3a3100000)]
  0x000002726304f000 JavaThread "Unconstrained build operations Thread 48" [_thread_blocked, id=9552, stack(0x000000e3a3100000,0x000000e3a3200000)]
  0x0000027263051000 JavaThread "Unconstrained build operations Thread 49" [_thread_blocked, id=9304, stack(0x000000e3a3200000,0x000000e3a3300000)]
  0x0000027263050000 JavaThread "Unconstrained build operations Thread 50" [_thread_blocked, id=12480, stack(0x000000e3a3300000,0x000000e3a3400000)]
  0x0000027263052800 JavaThread "Unconstrained build operations Thread 51" [_thread_blocked, id=960, stack(0x000000e3a3400000,0x000000e3a3500000)]
  0x0000027263053800 JavaThread "Unconstrained build operations Thread 52" [_thread_blocked, id=16164, stack(0x000000e3a3500000,0x000000e3a3600000)]
  0x000002726304d800 JavaThread "Unconstrained build operations Thread 53" [_thread_blocked, id=19516, stack(0x000000e3a3600000,0x000000e3a3700000)]
  0x0000027263054000 JavaThread "Unconstrained build operations Thread 54" [_thread_blocked, id=14952, stack(0x000000e3a3700000,0x000000e3a3800000)]
  0x0000027263055000 JavaThread "Unconstrained build operations Thread 55" [_thread_blocked, id=12316, stack(0x000000e3a3800000,0x000000e3a3900000)]
  0x0000027263056000 JavaThread "Unconstrained build operations Thread 56" [_thread_blocked, id=10648, stack(0x000000e3a3900000,0x000000e3a3a00000)]
  0x0000027269ca5800 JavaThread "Unconstrained build operations Thread 57" [_thread_blocked, id=18424, stack(0x000000e3a3a00000,0x000000e3a3b00000)]
  0x0000027269ca4800 JavaThread "Unconstrained build operations Thread 58" [_thread_blocked, id=3376, stack(0x000000e3a3b00000,0x000000e3a3c00000)]
  0x0000027269ca6000 JavaThread "Unconstrained build operations Thread 59" [_thread_blocked, id=2944, stack(0x000000e3a3c00000,0x000000e3a3d00000)]
  0x0000027269ca7000 JavaThread "Unconstrained build operations Thread 60" [_thread_blocked, id=19480, stack(0x000000e3a3d00000,0x000000e3a3e00000)]
  0x0000027269ca9800 JavaThread "Unconstrained build operations Thread 61" [_thread_blocked, id=2704, stack(0x000000e3a3e00000,0x000000e3a3f00000)]
  0x0000027269ca8000 JavaThread "Unconstrained build operations Thread 62" [_thread_blocked, id=1688, stack(0x000000e3a3f00000,0x000000e3a4000000)]
  0x0000027269ca8800 JavaThread "Unconstrained build operations Thread 63" [_thread_blocked, id=3444, stack(0x000000e3a4000000,0x000000e3a4100000)]
  0x0000027269ca3800 JavaThread "Unconstrained build operations Thread 64" [_thread_blocked, id=9960, stack(0x000000e3a4100000,0x000000e3a4200000)]
  0x0000027269cb0000 JavaThread "Unconstrained build operations Thread 65" [_thread_blocked, id=13336, stack(0x000000e3a4200000,0x000000e3a4300000)]
  0x0000027269cae800 JavaThread "Unconstrained build operations Thread 66" [_thread_blocked, id=19444, stack(0x000000e3a4300000,0x000000e3a4400000)]
  0x0000027269cab000 JavaThread "Unconstrained build operations Thread 67" [_thread_blocked, id=9252, stack(0x000000e3a4400000,0x000000e3a4500000)]
  0x0000027269cac800 JavaThread "Unconstrained build operations Thread 68" [_thread_blocked, id=20492, stack(0x000000e3a4500000,0x000000e3a4600000)]
  0x0000027269caa000 JavaThread "Unconstrained build operations Thread 69" [_thread_blocked, id=12096, stack(0x000000e3a4600000,0x000000e3a4700000)]
  0x0000027269caf000 JavaThread "Unconstrained build operations Thread 70" [_thread_blocked, id=18856, stack(0x000000e3a4700000,0x000000e3a4800000)]
  0x0000027269cb1000 JavaThread "Unconstrained build operations Thread 71" [_thread_blocked, id=11808, stack(0x000000e3a4800000,0x000000e3a4900000)]
  0x0000027269cb1800 JavaThread "Unconstrained build operations Thread 72" [_thread_blocked, id=17656, stack(0x000000e3a4900000,0x000000e3a4a00000)]
  0x0000027269cac000 JavaThread "Unconstrained build operations Thread 73" [_thread_blocked, id=13552, stack(0x000000e3a4a00000,0x000000e3a4b00000)]
  0x0000027269cad800 JavaThread "Unconstrained build operations Thread 74" [_thread_blocked, id=14900, stack(0x000000e3a4b00000,0x000000e3a4c00000)]
  0x0000027269cb2800 JavaThread "Unconstrained build operations Thread 75" [_thread_blocked, id=300, stack(0x000000e3a4c00000,0x000000e3a4d00000)]
  0x0000027267e78800 JavaThread "Unconstrained build operations Thread 76" [_thread_blocked, id=16520, stack(0x000000e3a4d00000,0x000000e3a4e00000)]
  0x0000027267e73800 JavaThread "Unconstrained build operations Thread 77" [_thread_blocked, id=19416, stack(0x000000e3a4e00000,0x000000e3a4f00000)]
  0x0000027267e75000 JavaThread "Unconstrained build operations Thread 78" [_thread_blocked, id=8128, stack(0x000000e3a4f00000,0x000000e3a5000000)]
  0x0000027267e77000 JavaThread "Unconstrained build operations Thread 79" [_thread_blocked, id=17428, stack(0x000000e3a5000000,0x000000e3a5100000)]
  0x0000027267e79800 JavaThread "Unconstrained build operations Thread 80" [_thread_blocked, id=19120, stack(0x000000e3a5100000,0x000000e3a5200000)]
  0x0000027267e7a000 JavaThread "Unconstrained build operations Thread 81" [_thread_blocked, id=18580, stack(0x000000e3a5200000,0x000000e3a5300000)]
  0x0000027267e77800 JavaThread "Unconstrained build operations Thread 82" [_thread_blocked, id=16404, stack(0x000000e3a5300000,0x000000e3a5400000)]
  0x0000027267e74800 JavaThread "Unconstrained build operations Thread 83" [_thread_blocked, id=13072, stack(0x000000e3a5400000,0x000000e3a5500000)]
  0x0000027267e7b000 JavaThread "Unconstrained build operations Thread 84" [_thread_blocked, id=21264, stack(0x000000e3a5500000,0x000000e3a5600000)]
  0x0000027267e7b800 JavaThread "Unconstrained build operations Thread 85" [_thread_blocked, id=13732, stack(0x000000e3a5600000,0x000000e3a5700000)]
  0x0000027267e76000 JavaThread "Unconstrained build operations Thread 86" [_thread_blocked, id=15188, stack(0x000000e3a5700000,0x000000e3a5800000)]
  0x0000027267e81800 JavaThread "Unconstrained build operations Thread 87" [_thread_blocked, id=1860, stack(0x000000e3a5800000,0x000000e3a5900000)]
  0x0000027267e82000 JavaThread "Unconstrained build operations Thread 88" [_thread_blocked, id=18160, stack(0x000000e3a5900000,0x000000e3a5a00000)]
  0x0000027267e7d800 JavaThread "Unconstrained build operations Thread 89" [_thread_blocked, id=16596, stack(0x000000e3a5a00000,0x000000e3a5b00000)]
  0x0000027267e7c800 JavaThread "Unconstrained build operations Thread 90" [_thread_blocked, id=12196, stack(0x000000e3a5b00000,0x000000e3a5c00000)]
  0x0000027267e7e000 JavaThread "Unconstrained build operations Thread 91" [_thread_blocked, id=21128, stack(0x000000e3a5c00000,0x000000e3a5d00000)]
  0x0000027267e7f000 JavaThread "Unconstrained build operations Thread 92" [_thread_blocked, id=17036, stack(0x000000e3a5d00000,0x000000e3a5e00000)]
  0x0000027267e80000 JavaThread "Unconstrained build operations Thread 93" [_thread_blocked, id=21440, stack(0x000000e3a5e00000,0x000000e3a5f00000)]
  0x0000027267e80800 JavaThread "Unconstrained build operations Thread 94" [_thread_blocked, id=9588, stack(0x000000e3a5f00000,0x000000e3a6000000)]
  0x000002726841f000 JavaThread "Unconstrained build operations Thread 95" [_thread_blocked, id=19880, stack(0x000000e3a6000000,0x000000e3a6100000)]
  0x000002726841f800 JavaThread "Unconstrained build operations Thread 96" [_thread_blocked, id=18848, stack(0x000000e3a6100000,0x000000e3a6200000)]
  0x000002726841b000 JavaThread "Unconstrained build operations Thread 97" [_thread_blocked, id=15460, stack(0x000000e3a6200000,0x000000e3a6300000)]
  0x000002726841a000 JavaThread "Unconstrained build operations Thread 98" [_thread_blocked, id=19308, stack(0x000000e3a6300000,0x000000e3a6400000)]
  0x0000027268420800 JavaThread "Unconstrained build operations Thread 99" [_thread_blocked, id=11280, stack(0x000000e3a6400000,0x000000e3a6500000)]
  0x000002726841c800 JavaThread "Unconstrained build operations Thread 100" [_thread_blocked, id=19796, stack(0x000000e3a6500000,0x000000e3a6600000)]
  0x0000027268421800 JavaThread "Unconstrained build operations Thread 101" [_thread_blocked, id=2276, stack(0x000000e3a6600000,0x000000e3a6700000)]
  0x000002726841b800 JavaThread "Unconstrained build operations Thread 102" [_thread_blocked, id=14544, stack(0x000000e3a6700000,0x000000e3a6800000)]
  0x0000027268422000 JavaThread "Unconstrained build operations Thread 103" [_thread_blocked, id=2328, stack(0x000000e3a6800000,0x000000e3a6900000)]
  0x0000027268423000 JavaThread "Unconstrained build operations Thread 104" [_thread_blocked, id=20912, stack(0x000000e3a6900000,0x000000e3a6a00000)]
  0x000002726841d800 JavaThread "Unconstrained build operations Thread 105" [_thread_blocked, id=20892, stack(0x000000e3a6a00000,0x000000e3a6b00000)]
  0x0000027268424000 JavaThread "Unconstrained build operations Thread 106" [_thread_blocked, id=1440, stack(0x000000e3a6b00000,0x000000e3a6c00000)]
  0x000002726841e000 JavaThread "Unconstrained build operations Thread 107" [_thread_blocked, id=1920, stack(0x000000e3a6c00000,0x000000e3a6d00000)]
  0x0000027268428800 JavaThread "Unconstrained build operations Thread 108" [_thread_blocked, id=2368, stack(0x000000e3a6d00000,0x000000e3a6e00000)]
  0x0000027268424800 JavaThread "Unconstrained build operations Thread 109" [_thread_blocked, id=11028, stack(0x000000e3a6e00000,0x000000e3a6f00000)]
  0x0000027268427000 JavaThread "Unconstrained build operations Thread 110" [_thread_blocked, id=20052, stack(0x000000e3a6f00000,0x000000e3a7000000)]
  0x0000027268425800 JavaThread "Unconstrained build operations Thread 111" [_thread_blocked, id=20616, stack(0x000000e3a7000000,0x000000e3a7100000)]
  0x0000027268426800 JavaThread "Unconstrained build operations Thread 112" [_thread_blocked, id=19188, stack(0x000000e3a7100000,0x000000e3a7200000)]
  0x0000027268428000 JavaThread "Unconstrained build operations Thread 113" [_thread_blocked, id=3780, stack(0x000000e3a7200000,0x000000e3a7300000)]
  0x0000027269dc1000 JavaThread "Unconstrained build operations Thread 114" [_thread_blocked, id=5756, stack(0x000000e3a7300000,0x000000e3a7400000)]
  0x0000027269dc1800 JavaThread "Unconstrained build operations Thread 115" [_thread_blocked, id=17400, stack(0x000000e3a7400000,0x000000e3a7500000)]
  0x0000027269dbe800 JavaThread "Unconstrained build operations Thread 116" [_thread_blocked, id=8748, stack(0x000000e3a7500000,0x000000e3a7600000)]
  0x0000027269dc0000 JavaThread "Unconstrained build operations Thread 117" [_thread_blocked, id=20360, stack(0x000000e3a7600000,0x000000e3a7700000)]
  0x0000027269dc2800 JavaThread "Unconstrained build operations Thread 118" [_thread_blocked, id=18116, stack(0x000000e3a7700000,0x000000e3a7800000)]
  0x0000027269dc3800 JavaThread "Unconstrained build operations Thread 119" [_thread_blocked, id=1300, stack(0x000000e3a7800000,0x000000e3a7900000)]
  0x0000027269dbf800 JavaThread "Unconstrained build operations Thread 120" [_thread_blocked, id=8232, stack(0x000000e3a7900000,0x000000e3a7a00000)]
  0x0000027269dc8800 JavaThread "Unconstrained build operations Thread 121" [_thread_blocked, id=17880, stack(0x000000e3a7a00000,0x000000e3a7b00000)]
  0x0000027269dc7800 JavaThread "Unconstrained build operations Thread 122" [_thread_blocked, id=3976, stack(0x000000e3a7b00000,0x000000e3a7c00000)]
  0x0000027269dc9000 JavaThread "Unconstrained build operations Thread 123" [_thread_blocked, id=268, stack(0x000000e3a7c00000,0x000000e3a7d00000)]
  0x0000027269dca000 JavaThread "Unconstrained build operations Thread 124" [_thread_blocked, id=15352, stack(0x000000e3a7d00000,0x000000e3a7e00000)]
  0x0000027269dc6000 JavaThread "Unconstrained build operations Thread 125" [_thread_blocked, id=18284, stack(0x000000e3a7e00000,0x000000e3a7f00000)]
  0x0000027269dc4000 JavaThread "Unconstrained build operations Thread 126" [_thread_blocked, id=13716, stack(0x000000e3a7f00000,0x000000e3a8000000)]
  0x0000027269dc6800 JavaThread "Unconstrained build operations Thread 127" [_thread_blocked, id=18448, stack(0x000000e3a8000000,0x000000e3a8100000)]
  0x0000027269dca800 JavaThread "Unconstrained build operations Thread 128" [_thread_blocked, id=9116, stack(0x000000e3a8100000,0x000000e3a8200000)]
  0x0000027269dc5000 JavaThread "Unconstrained build operations Thread 129" [_thread_blocked, id=13652, stack(0x000000e3a8200000,0x000000e3a8300000)]
  0x0000027269dcc800 JavaThread "Unconstrained build operations Thread 130" [_thread_blocked, id=20972, stack(0x000000e3a8300000,0x000000e3a8400000)]
  0x0000027269dcb800 JavaThread "Unconstrained build operations Thread 131" [_thread_blocked, id=20220, stack(0x000000e3a8400000,0x000000e3a8500000)]
  0x0000027269dcd000 JavaThread "Unconstrained build operations Thread 132" [_thread_blocked, id=9564, stack(0x000000e3a8500000,0x000000e3a8600000)]
  0x0000027265806800 JavaThread "Unconstrained build operations Thread 133" [_thread_blocked, id=14212, stack(0x000000e3a8600000,0x000000e3a8700000)]
  0x0000027265807800 JavaThread "Unconstrained build operations Thread 134" [_thread_blocked, id=9044, stack(0x000000e3a8700000,0x000000e3a8800000)]
  0x0000027265808800 JavaThread "Unconstrained build operations Thread 135" [_thread_blocked, id=10768, stack(0x000000e3a8800000,0x000000e3a8900000)]
  0x0000027265809000 JavaThread "jar transforms Thread 4" [_thread_blocked, id=12724, stack(0x000000e3a8900000,0x000000e3a8a00000)]
  0x0000027265805000 JavaThread "jar transforms Thread 5" [_thread_blocked, id=7724, stack(0x000000e3a8a00000,0x000000e3a8b00000)]
  0x000002726580a000 JavaThread "jar transforms Thread 6" [_thread_blocked, id=928, stack(0x000000e3a8b00000,0x000000e3a8c00000)]
  0x0000027265806000 JavaThread "jar transforms Thread 7" [_thread_blocked, id=16096, stack(0x000000e3a8c00000,0x000000e3a8d00000)]
  0x0000027265804800 JavaThread "jar transforms Thread 8" [_thread_blocked, id=12268, stack(0x000000e3a8d00000,0x000000e3a8e00000)]
  0x000002726580e000 JavaThread "jar transforms Thread 9" [_thread_blocked, id=21204, stack(0x000000e3a8e00000,0x000000e3a8f00000)]
  0x000002726580f000 JavaThread "jar transforms Thread 10" [_thread_blocked, id=18672, stack(0x000000e3a8f00000,0x000000e3a9000000)]
  0x000002726580b000 JavaThread "jar transforms Thread 11" [_thread_blocked, id=4176, stack(0x000000e3a9000000,0x000000e3a9100000)]
  0x0000027265810800 JavaThread "jar transforms Thread 12" [_thread_blocked, id=8416, stack(0x000000e3a9100000,0x000000e3a9200000)]
  0x000002726580f800 JavaThread "jar transforms Thread 13" [_thread_blocked, id=8396, stack(0x000000e3a9200000,0x000000e3a9300000)]
  0x0000027265811800 JavaThread "jar transforms Thread 14" [_thread_blocked, id=19640, stack(0x000000e3a9300000,0x000000e3a9400000)]
  0x000002726580b800 JavaThread "jar transforms Thread 15" [_thread_blocked, id=19860, stack(0x000000e3a9400000,0x000000e3a9500000)]
  0x0000027265812000 JavaThread "jar transforms Thread 16" [_thread_blocked, id=10256, stack(0x000000e3a9500000,0x000000e3a9600000)]

Other Threads:
  0x00000272629bf800 VMThread "VM Thread" [stack: 0x000000e39cc00000,0x000000e39cd00000] [id=14464]
  0x0000027262c5f000 WatcherThread [stack: 0x000000e39d700000,0x000000e39d800000] [id=9632]
  0x0000027245213000 GCTaskThread "GC Thread#0" [stack: 0x000000e39c700000,0x000000e39c800000] [id=18620]
  0x0000027263bf6800 GCTaskThread "GC Thread#1" [stack: 0x000000e39da00000,0x000000e39db00000] [id=1564]
  0x0000027263a19000 GCTaskThread "GC Thread#2" [stack: 0x000000e39db00000,0x000000e39dc00000] [id=13424]
  0x0000027263b24000 GCTaskThread "GC Thread#3" [stack: 0x000000e39dc00000,0x000000e39dd00000] [id=19492]
  0x0000027263b24800 GCTaskThread "GC Thread#4" [stack: 0x000000e39dd00000,0x000000e39de00000] [id=13992]
  0x000002726436d800 GCTaskThread "GC Thread#5" [stack: 0x000000e39eb00000,0x000000e39ec00000] [id=15204]
  0x0000027263d4e800 GCTaskThread "GC Thread#6" [stack: 0x000000e39ec00000,0x000000e39ed00000] [id=13720]
  0x0000027263f4d800 GCTaskThread "GC Thread#7" [stack: 0x000000e39ed00000,0x000000e39ee00000] [id=21064]
  0x0000027263f4e000 GCTaskThread "GC Thread#8" [stack: 0x000000e39ee00000,0x000000e39ef00000] [id=20564]
  0x00000272666dd000 GCTaskThread "GC Thread#9" [stack: 0x000000e39ef00000,0x000000e39f000000] [id=7600]
  0x000002726546a000 GCTaskThread "GC Thread#10" [stack: 0x000000e39f000000,0x000000e39f100000] [id=21112]
  0x0000027264372800 GCTaskThread "GC Thread#11" [stack: 0x000000e39f100000,0x000000e39f200000] [id=1724]
  0x0000027264373800 GCTaskThread "GC Thread#12" [stack: 0x000000e39f200000,0x000000e39f300000] [id=3920]
  0x0000027245245800 ConcurrentGCThread "G1 Main Marker" [stack: 0x000000e39c800000,0x000000e39c900000] [id=19684]
  0x0000027245247000 ConcurrentGCThread "G1 Conc#0" [stack: 0x000000e39c900000,0x000000e39ca00000] [id=20596]
  0x0000027264d6a000 ConcurrentGCThread "G1 Conc#1" [stack: 0x000000e39f300000,0x000000e39f400000] [id=11220]
  0x0000027264d6a800 ConcurrentGCThread "G1 Conc#2" [stack: 0x000000e39f400000,0x000000e39f500000] [id=21104]
  0x000002726200c000 ConcurrentGCThread "G1 Refine#0" [stack: 0x000000e39ca00000,0x000000e39cb00000] [id=15048]
  0x000002726200d000 ConcurrentGCThread "G1 Young RemSet Sampling" [stack: 0x000000e39cb00000,0x000000e39cc00000] [id=13468]

Threads with active compile tasks:
C2 CompilerThread0  10105 6038       4       org.objectweb.asm.Frame::execute (2318 bytes)
C1 CompilerThread2  10105 6090       3       java.lang.invoke.MethodTypeForm::<init> (687 bytes)

VM state:not at safepoint (normal execution)

VM Mutex/Monitor currently owned by a thread: None

Heap address: 0x0000000080000000, size: 2048 MB, Compressed Oops mode: 32-bit
Narrow klass base: 0x0000000000000000, Narrow klass shift: 3
Compressed class space size: 1073741824 Address: 0x0000000100000000

Heap:
 garbage-first heap   total 253952K, used 164303K [0x0000000080000000, 0x0000000100000000)
  region size 1024K, 142 young (145408K), 13 survivors (13312K)
 Metaspace       used 53062K, capacity 54338K, committed 54524K, reserved 1097728K
  class space    used 6745K, capacity 7235K, committed 7296K, reserved 1048576K
Heap Regions: E=young(eden), S=young(survivor), O=old, HS=humongous(starts), HC=humongous(continues), CS=collection set, F=free, A=archive, TAMS=top-at-mark-start (previous, next)
|   0|0x0000000080000000, 0x0000000080100000, 0x0000000080100000|100%| O|  |TAMS 0x0000000080100000, 0x0000000080000000| Untracked 
|   1|0x0000000080100000, 0x0000000080200000, 0x0000000080200000|100%| O|  |TAMS 0x0000000080200000, 0x0000000080100000| Untracked 
|   2|0x0000000080200000, 0x0000000080300000, 0x0000000080300000|100%| O|  |TAMS 0x0000000080300000, 0x0000000080200000| Untracked 
|   3|0x0000000080300000, 0x0000000080400000, 0x0000000080400000|100%|HS|  |TAMS 0x0000000080400000, 0x0000000080300000| Complete 
|   4|0x0000000080400000, 0x0000000080500000, 0x0000000080500000|100%|HC|  |TAMS 0x0000000080500000, 0x0000000080400000| Complete 
|   5|0x0000000080500000, 0x0000000080600000, 0x0000000080600000|100%|HC|  |TAMS 0x0000000080600000, 0x0000000080500000| Complete 
|   6|0x0000000080600000, 0x0000000080700000, 0x0000000080700000|100%| O|  |TAMS 0x0000000080700000, 0x0000000080600000| Untracked 
|   7|0x0000000080700000, 0x0000000080800000, 0x0000000080800000|100%| O|  |TAMS 0x0000000080800000, 0x0000000080700000| Untracked 
|   8|0x0000000080800000, 0x0000000080900000, 0x0000000080900000|100%| O|  |TAMS 0x0000000080900000, 0x0000000080800000| Untracked 
|   9|0x0000000080900000, 0x0000000080a00000, 0x0000000080a00000|100%| O|  |TAMS 0x0000000080a00000, 0x0000000080900000| Untracked 
|  10|0x0000000080a00000, 0x0000000080b00000, 0x0000000080b00000|100%| O|  |TAMS 0x0000000080b00000, 0x0000000080a00000| Untracked 
|  11|0x0000000080b00000, 0x0000000080c00000, 0x0000000080c00000|100%| O|  |TAMS 0x0000000080c00000, 0x0000000080b00000| Untracked 
|  12|0x0000000080c00000, 0x0000000080d00000, 0x0000000080d00000|100%| O|  |TAMS 0x0000000080d00000, 0x0000000080c00000| Untracked 
|  13|0x0000000080d00000, 0x0000000080e00000, 0x0000000080e00000|100%| O|  |TAMS 0x0000000080e00000, 0x0000000080d00000| Untracked 
|  14|0x0000000080e00000, 0x0000000080f00000, 0x0000000080f00000|100%| O|  |TAMS 0x0000000080f00000, 0x0000000080e00000| Untracked 
|  15|0x0000000080f00000, 0x0000000081000000, 0x0000000081000000|100%| O|  |TAMS 0x0000000081000000, 0x0000000080f00000| Untracked 
|  16|0x0000000081000000, 0x00000000810fe000, 0x0000000081100000| 99%| O|  |TAMS 0x00000000810fe000, 0x0000000081000000| Untracked 
|  17|0x0000000081100000, 0x0000000081200000, 0x0000000081200000|100%|HS|  |TAMS 0x0000000081100000, 0x0000000081100000| Complete 
|  18|0x0000000081200000, 0x0000000081300000, 0x0000000081300000|100%|HS|  |TAMS 0x0000000081200000, 0x0000000081200000| Complete 
|  19|0x0000000081300000, 0x0000000081400000, 0x0000000081400000|100%|HS|  |TAMS 0x0000000081300000, 0x0000000081300000| Complete 
|  20|0x0000000081400000, 0x0000000081500000, 0x0000000081500000|100%|HC|  |TAMS 0x0000000081400000, 0x0000000081400000| Complete 
|  21|0x0000000081500000, 0x0000000081500000, 0x0000000081600000|  0%| F|  |TAMS 0x0000000081500000, 0x0000000081500000| Untracked 
|  22|0x0000000081600000, 0x0000000081600000, 0x0000000081700000|  0%| F|  |TAMS 0x0000000081600000, 0x0000000081600000| Untracked 
|  23|0x0000000081700000, 0x0000000081700000, 0x0000000081800000|  0%| F|  |TAMS 0x0000000081700000, 0x0000000081700000| Untracked 
|  24|0x0000000081800000, 0x0000000081800000, 0x0000000081900000|  0%| F|  |TAMS 0x0000000081800000, 0x0000000081800000| Untracked 
|  25|0x0000000081900000, 0x0000000081900000, 0x0000000081a00000|  0%| F|  |TAMS 0x0000000081900000, 0x0000000081900000| Untracked 
|  26|0x0000000081a00000, 0x0000000081a00000, 0x0000000081b00000|  0%| F|  |TAMS 0x0000000081a00000, 0x0000000081a00000| Untracked 
|  27|0x0000000081b00000, 0x0000000081b00000, 0x0000000081c00000|  0%| F|  |TAMS 0x0000000081b00000, 0x0000000081b00000| Untracked 
|  28|0x0000000081c00000, 0x0000000081c00000, 0x0000000081d00000|  0%| F|  |TAMS 0x0000000081c00000, 0x0000000081c00000| Untracked 
|  29|0x0000000081d00000, 0x0000000081d00000, 0x0000000081e00000|  0%| F|  |TAMS 0x0000000081d00000, 0x0000000081d00000| Untracked 
|  30|0x0000000081e00000, 0x0000000081e00000, 0x0000000081f00000|  0%| F|  |TAMS 0x0000000081e00000, 0x0000000081e00000| Untracked 
|  31|0x0000000081f00000, 0x0000000081f00000, 0x0000000082000000|  0%| F|  |TAMS 0x0000000081f00000, 0x0000000081f00000| Untracked 
|  32|0x0000000082000000, 0x0000000082000000, 0x0000000082100000|  0%| F|  |TAMS 0x0000000082000000, 0x0000000082000000| Untracked 
|  33|0x0000000082100000, 0x0000000082100000, 0x0000000082200000|  0%| F|  |TAMS 0x0000000082100000, 0x0000000082100000| Untracked 
|  34|0x0000000082200000, 0x0000000082200000, 0x0000000082300000|  0%| F|  |TAMS 0x0000000082200000, 0x0000000082200000| Untracked 
|  35|0x0000000082300000, 0x0000000082300000, 0x0000000082400000|  0%| F|  |TAMS 0x0000000082300000, 0x0000000082300000| Untracked 
|  36|0x0000000082400000, 0x0000000082400000, 0x0000000082500000|  0%| F|  |TAMS 0x0000000082400000, 0x0000000082400000| Untracked 
|  37|0x0000000082500000, 0x0000000082500000, 0x0000000082600000|  0%| F|  |TAMS 0x0000000082500000, 0x0000000082500000| Untracked 
|  38|0x0000000082600000, 0x0000000082600000, 0x0000000082700000|  0%| F|  |TAMS 0x0000000082600000, 0x0000000082600000| Untracked 
|  39|0x0000000082700000, 0x0000000082700000, 0x0000000082800000|  0%| F|  |TAMS 0x0000000082700000, 0x0000000082700000| Untracked 
|  40|0x0000000082800000, 0x0000000082800000, 0x0000000082900000|  0%| F|  |TAMS 0x0000000082800000, 0x0000000082800000| Untracked 
|  41|0x0000000082900000, 0x0000000082900000, 0x0000000082a00000|  0%| F|  |TAMS 0x0000000082900000, 0x0000000082900000| Untracked 
|  42|0x0000000082a00000, 0x0000000082a00000, 0x0000000082b00000|  0%| F|  |TAMS 0x0000000082a00000, 0x0000000082a00000| Untracked 
|  43|0x0000000082b00000, 0x0000000082b00000, 0x0000000082c00000|  0%| F|  |TAMS 0x0000000082b00000, 0x0000000082b00000| Untracked 
|  44|0x0000000082c00000, 0x0000000082c00000, 0x0000000082d00000|  0%| F|  |TAMS 0x0000000082c00000, 0x0000000082c00000| Untracked 
|  45|0x0000000082d00000, 0x0000000082d00000, 0x0000000082e00000|  0%| F|  |TAMS 0x0000000082d00000, 0x0000000082d00000| Untracked 
|  46|0x0000000082e00000, 0x0000000082e00000, 0x0000000082f00000|  0%| F|  |TAMS 0x0000000082e00000, 0x0000000082e00000| Untracked 
|  47|0x0000000082f00000, 0x0000000082f00000, 0x0000000083000000|  0%| F|  |TAMS 0x0000000082f00000, 0x0000000082f00000| Untracked 
|  48|0x0000000083000000, 0x0000000083000000, 0x0000000083100000|  0%| F|  |TAMS 0x0000000083000000, 0x0000000083000000| Untracked 
|  49|0x0000000083100000, 0x0000000083100000, 0x0000000083200000|  0%| F|  |TAMS 0x0000000083100000, 0x0000000083100000| Untracked 
|  50|0x0000000083200000, 0x0000000083200000, 0x0000000083300000|  0%| F|  |TAMS 0x0000000083200000, 0x0000000083200000| Untracked 
|  51|0x0000000083300000, 0x0000000083300000, 0x0000000083400000|  0%| F|  |TAMS 0x0000000083300000, 0x0000000083300000| Untracked 
|  52|0x0000000083400000, 0x0000000083400000, 0x0000000083500000|  0%| F|  |TAMS 0x0000000083400000, 0x0000000083400000| Untracked 
|  53|0x0000000083500000, 0x0000000083500000, 0x0000000083600000|  0%| F|  |TAMS 0x0000000083500000, 0x0000000083500000| Untracked 
|  54|0x0000000083600000, 0x0000000083600000, 0x0000000083700000|  0%| F|  |TAMS 0x0000000083600000, 0x0000000083600000| Untracked 
|  55|0x0000000083700000, 0x0000000083700000, 0x0000000083800000|  0%| F|  |TAMS 0x0000000083700000, 0x0000000083700000| Untracked 
|  56|0x0000000083800000, 0x0000000083800000, 0x0000000083900000|  0%| F|  |TAMS 0x0000000083800000, 0x0000000083800000| Untracked 
|  57|0x0000000083900000, 0x0000000083900000, 0x0000000083a00000|  0%| F|  |TAMS 0x0000000083900000, 0x0000000083900000| Untracked 
|  58|0x0000000083a00000, 0x0000000083a00000, 0x0000000083b00000|  0%| F|  |TAMS 0x0000000083a00000, 0x0000000083a00000| Untracked 
|  59|0x0000000083b00000, 0x0000000083b00000, 0x0000000083c00000|  0%| F|  |TAMS 0x0000000083b00000, 0x0000000083b00000| Untracked 
|  60|0x0000000083c00000, 0x0000000083c00000, 0x0000000083d00000|  0%| F|  |TAMS 0x0000000083c00000, 0x0000000083c00000| Untracked 
|  61|0x0000000083d00000, 0x0000000083d00000, 0x0000000083e00000|  0%| F|  |TAMS 0x0000000083d00000, 0x0000000083d00000| Untracked 
|  62|0x0000000083e00000, 0x0000000083e00000, 0x0000000083f00000|  0%| F|  |TAMS 0x0000000083e00000, 0x0000000083e00000| Untracked 
|  63|0x0000000083f00000, 0x0000000083f00000, 0x0000000084000000|  0%| F|  |TAMS 0x0000000083f00000, 0x0000000083f00000| Untracked 
|  64|0x0000000084000000, 0x0000000084000000, 0x0000000084100000|  0%| F|  |TAMS 0x0000000084000000, 0x0000000084000000| Untracked 
|  65|0x0000000084100000, 0x0000000084100000, 0x0000000084200000|  0%| F|  |TAMS 0x0000000084100000, 0x0000000084100000| Untracked 
|  66|0x0000000084200000, 0x0000000084200000, 0x0000000084300000|  0%| F|  |TAMS 0x0000000084200000, 0x0000000084200000| Untracked 
|  67|0x0000000084300000, 0x0000000084300000, 0x0000000084400000|  0%| F|  |TAMS 0x0000000084300000, 0x0000000084300000| Untracked 
|  68|0x0000000084400000, 0x0000000084400000, 0x0000000084500000|  0%| F|  |TAMS 0x0000000084400000, 0x0000000084400000| Untracked 
|  69|0x0000000084500000, 0x0000000084500000, 0x0000000084600000|  0%| F|  |TAMS 0x0000000084500000, 0x0000000084500000| Untracked 
|  70|0x0000000084600000, 0x0000000084600000, 0x0000000084700000|  0%| F|  |TAMS 0x0000000084600000, 0x0000000084600000| Untracked 
|  71|0x0000000084700000, 0x0000000084700000, 0x0000000084800000|  0%| F|  |TAMS 0x0000000084700000, 0x0000000084700000| Untracked 
|  72|0x0000000084800000, 0x0000000084800000, 0x0000000084900000|  0%| F|  |TAMS 0x0000000084800000, 0x0000000084800000| Untracked 
|  73|0x0000000084900000, 0x0000000084900000, 0x0000000084a00000|  0%| F|  |TAMS 0x0000000084900000, 0x0000000084900000| Untracked 
|  74|0x0000000084a00000, 0x0000000084a00000, 0x0000000084b00000|  0%| F|  |TAMS 0x0000000084a00000, 0x0000000084a00000| Untracked 
|  75|0x0000000084b00000, 0x0000000084b00000, 0x0000000084c00000|  0%| F|  |TAMS 0x0000000084b00000, 0x0000000084b00000| Untracked 
|  76|0x0000000084c00000, 0x0000000084c00000, 0x0000000084d00000|  0%| F|  |TAMS 0x0000000084c00000, 0x0000000084c00000| Untracked 
|  77|0x0000000084d00000, 0x0000000084d00000, 0x0000000084e00000|  0%| F|  |TAMS 0x0000000084d00000, 0x0000000084d00000| Untracked 
|  78|0x0000000084e00000, 0x0000000084e00000, 0x0000000084f00000|  0%| F|  |TAMS 0x0000000084e00000, 0x0000000084e00000| Untracked 
|  79|0x0000000084f00000, 0x0000000084f00000, 0x0000000085000000|  0%| F|  |TAMS 0x0000000084f00000, 0x0000000084f00000| Untracked 
|  80|0x0000000085000000, 0x0000000085000000, 0x0000000085100000|  0%| F|  |TAMS 0x0000000085000000, 0x0000000085000000| Untracked 
|  81|0x0000000085100000, 0x0000000085100000, 0x0000000085200000|  0%| F|  |TAMS 0x0000000085100000, 0x0000000085100000| Untracked 
|  82|0x0000000085200000, 0x0000000085200000, 0x0000000085300000|  0%| F|  |TAMS 0x0000000085200000, 0x0000000085200000| Untracked 
|  83|0x0000000085300000, 0x0000000085300000, 0x0000000085400000|  0%| F|  |TAMS 0x0000000085300000, 0x0000000085300000| Untracked 
|  84|0x0000000085400000, 0x0000000085400000, 0x0000000085500000|  0%| F|  |TAMS 0x0000000085400000, 0x0000000085400000| Untracked 
|  85|0x0000000085500000, 0x0000000085500000, 0x0000000085600000|  0%| F|  |TAMS 0x0000000085500000, 0x0000000085500000| Untracked 
|  86|0x0000000085600000, 0x0000000085600000, 0x0000000085700000|  0%| F|  |TAMS 0x0000000085600000, 0x0000000085600000| Untracked 
|  87|0x0000000085700000, 0x0000000085700000, 0x0000000085800000|  0%| F|  |TAMS 0x0000000085700000, 0x0000000085700000| Untracked 
|  88|0x0000000085800000, 0x0000000085800000, 0x0000000085900000|  0%| F|  |TAMS 0x0000000085800000, 0x0000000085800000| Untracked 
|  89|0x0000000085900000, 0x0000000085900000, 0x0000000085a00000|  0%| F|  |TAMS 0x0000000085900000, 0x0000000085900000| Untracked 
|  90|0x0000000085a00000, 0x0000000085a00000, 0x0000000085b00000|  0%| F|  |TAMS 0x0000000085a00000, 0x0000000085a00000| Untracked 
|  91|0x0000000085b00000, 0x0000000085b00000, 0x0000000085c00000|  0%| F|  |TAMS 0x0000000085b00000, 0x0000000085b00000| Untracked 
|  92|0x0000000085c00000, 0x0000000085c00000, 0x0000000085d00000|  0%| F|  |TAMS 0x0000000085c00000, 0x0000000085c00000| Untracked 
|  93|0x0000000085d00000, 0x0000000085d00000, 0x0000000085e00000|  0%| F|  |TAMS 0x0000000085d00000, 0x0000000085d00000| Untracked 
|  94|0x0000000085e00000, 0x0000000085e00000, 0x0000000085f00000|  0%| F|  |TAMS 0x0000000085e00000, 0x0000000085e00000| Untracked 
|  95|0x0000000085f00000, 0x0000000085f00000, 0x0000000086000000|  0%| F|  |TAMS 0x0000000085f00000, 0x0000000085f00000| Untracked 
|  96|0x0000000086000000, 0x0000000086000000, 0x0000000086100000|  0%| F|  |TAMS 0x0000000086000000, 0x0000000086000000| Untracked 
|  97|0x0000000086100000, 0x0000000086100000, 0x0000000086200000|  0%| F|  |TAMS 0x0000000086100000, 0x0000000086100000| Untracked 
|  98|0x0000000086200000, 0x0000000086200000, 0x0000000086300000|  0%| F|  |TAMS 0x0000000086200000, 0x0000000086200000| Untracked 
|  99|0x0000000086300000, 0x0000000086300000, 0x0000000086400000|  0%| F|  |TAMS 0x0000000086300000, 0x0000000086300000| Untracked 
| 100|0x0000000086400000, 0x0000000086400000, 0x0000000086500000|  0%| F|  |TAMS 0x0000000086400000, 0x0000000086400000| Untracked 
| 101|0x0000000086500000, 0x0000000086500000, 0x0000000086600000|  0%| F|  |TAMS 0x0000000086500000, 0x0000000086500000| Untracked 
| 102|0x0000000086600000, 0x0000000086600000, 0x0000000086700000|  0%| F|  |TAMS 0x0000000086600000, 0x0000000086600000| Untracked 
| 103|0x0000000086700000, 0x0000000086700000, 0x0000000086800000|  0%| F|  |TAMS 0x0000000086700000, 0x0000000086700000| Untracked 
| 104|0x0000000086800000, 0x0000000086800000, 0x0000000086900000|  0%| F|  |TAMS 0x0000000086800000, 0x0000000086800000| Untracked 
| 105|0x0000000086900000, 0x0000000086900000, 0x0000000086a00000|  0%| F|  |TAMS 0x0000000086900000, 0x0000000086900000| Untracked 
| 106|0x0000000086a00000, 0x0000000086b00000, 0x0000000086b00000|100%| E|  |TAMS 0x0000000086a00000, 0x0000000086a00000| Complete 
| 107|0x0000000086b00000, 0x0000000086c00000, 0x0000000086c00000|100%| E|CS|TAMS 0x0000000086b00000, 0x0000000086b00000| Complete 
| 108|0x0000000086c00000, 0x0000000086d00000, 0x0000000086d00000|100%| E|CS|TAMS 0x0000000086c00000, 0x0000000086c00000| Complete 
| 109|0x0000000086d00000, 0x0000000086e00000, 0x0000000086e00000|100%| E|CS|TAMS 0x0000000086d00000, 0x0000000086d00000| Complete 
| 110|0x0000000086e00000, 0x0000000086f00000, 0x0000000086f00000|100%| E|CS|TAMS 0x0000000086e00000, 0x0000000086e00000| Complete 
| 111|0x0000000086f00000, 0x0000000087000000, 0x0000000087000000|100%| E|CS|TAMS 0x0000000086f00000, 0x0000000086f00000| Complete 
| 112|0x0000000087000000, 0x0000000087100000, 0x0000000087100000|100%| E|CS|TAMS 0x0000000087000000, 0x0000000087000000| Complete 
| 113|0x0000000087100000, 0x0000000087200000, 0x0000000087200000|100%| E|CS|TAMS 0x0000000087100000, 0x0000000087100000| Complete 
| 114|0x0000000087200000, 0x0000000087275d58, 0x0000000087300000| 46%| S|CS|TAMS 0x0000000087200000, 0x0000000087200000| Complete 
| 115|0x0000000087300000, 0x0000000087400000, 0x0000000087400000|100%| S|CS|TAMS 0x0000000087300000, 0x0000000087300000| Complete 
| 116|0x0000000087400000, 0x0000000087500000, 0x0000000087500000|100%| S|CS|TAMS 0x0000000087400000, 0x0000000087400000| Complete 
| 117|0x0000000087500000, 0x0000000087600000, 0x0000000087600000|100%| S|CS|TAMS 0x0000000087500000, 0x0000000087500000| Complete 
| 118|0x0000000087600000, 0x0000000087700000, 0x0000000087700000|100%| S|CS|TAMS 0x0000000087600000, 0x0000000087600000| Complete 
| 119|0x0000000087700000, 0x0000000087800000, 0x0000000087800000|100%| S|CS|TAMS 0x0000000087700000, 0x0000000087700000| Complete 
| 120|0x0000000087800000, 0x0000000087900000, 0x0000000087900000|100%| S|CS|TAMS 0x0000000087800000, 0x0000000087800000| Complete 
| 121|0x0000000087900000, 0x0000000087a00000, 0x0000000087a00000|100%| S|CS|TAMS 0x0000000087900000, 0x0000000087900000| Complete 
| 122|0x0000000087a00000, 0x0000000087b00000, 0x0000000087b00000|100%| S|CS|TAMS 0x0000000087a00000, 0x0000000087a00000| Complete 
| 123|0x0000000087b00000, 0x0000000087c00000, 0x0000000087c00000|100%| S|CS|TAMS 0x0000000087b00000, 0x0000000087b00000| Complete 
| 124|0x0000000087c00000, 0x0000000087d00000, 0x0000000087d00000|100%| S|CS|TAMS 0x0000000087c00000, 0x0000000087c00000| Complete 
| 125|0x0000000087d00000, 0x0000000087e00000, 0x0000000087e00000|100%| S|CS|TAMS 0x0000000087d00000, 0x0000000087d00000| Complete 
| 126|0x0000000087e00000, 0x0000000087f00000, 0x0000000087f00000|100%| S|CS|TAMS 0x0000000087e00000, 0x0000000087e00000| Complete 
| 127|0x0000000087f00000, 0x0000000088000000, 0x0000000088000000|100%| E|CS|TAMS 0x0000000087f00000, 0x0000000087f00000| Complete 
| 128|0x0000000088000000, 0x0000000088100000, 0x0000000088100000|100%| E|CS|TAMS 0x0000000088000000, 0x0000000088000000| Complete 
| 129|0x0000000088100000, 0x0000000088200000, 0x0000000088200000|100%| E|CS|TAMS 0x0000000088100000, 0x0000000088100000| Complete 
| 130|0x0000000088200000, 0x0000000088300000, 0x0000000088300000|100%| E|CS|TAMS 0x0000000088200000, 0x0000000088200000| Complete 
| 131|0x0000000088300000, 0x0000000088400000, 0x0000000088400000|100%| E|CS|TAMS 0x0000000088300000, 0x0000000088300000| Complete 
| 132|0x0000000088400000, 0x0000000088500000, 0x0000000088500000|100%| E|CS|TAMS 0x0000000088400000, 0x0000000088400000| Complete 
| 133|0x0000000088500000, 0x0000000088600000, 0x0000000088600000|100%| E|CS|TAMS 0x0000000088500000, 0x0000000088500000| Complete 
| 134|0x0000000088600000, 0x0000000088700000, 0x0000000088700000|100%| E|CS|TAMS 0x0000000088600000, 0x0000000088600000| Complete 
| 135|0x0000000088700000, 0x0000000088800000, 0x0000000088800000|100%| E|CS|TAMS 0x0000000088700000, 0x0000000088700000| Complete 
| 136|0x0000000088800000, 0x0000000088900000, 0x0000000088900000|100%| E|CS|TAMS 0x0000000088800000, 0x0000000088800000| Complete 
| 137|0x0000000088900000, 0x0000000088a00000, 0x0000000088a00000|100%| E|CS|TAMS 0x0000000088900000, 0x0000000088900000| Complete 
| 138|0x0000000088a00000, 0x0000000088b00000, 0x0000000088b00000|100%| E|CS|TAMS 0x0000000088a00000, 0x0000000088a00000| Complete 
| 139|0x0000000088b00000, 0x0000000088c00000, 0x0000000088c00000|100%| E|CS|TAMS 0x0000000088b00000, 0x0000000088b00000| Complete 
| 140|0x0000000088c00000, 0x0000000088d00000, 0x0000000088d00000|100%| E|CS|TAMS 0x0000000088c00000, 0x0000000088c00000| Complete 
| 141|0x0000000088d00000, 0x0000000088e00000, 0x0000000088e00000|100%| E|CS|TAMS 0x0000000088d00000, 0x0000000088d00000| Complete 
| 142|0x0000000088e00000, 0x0000000088f00000, 0x0000000088f00000|100%| E|CS|TAMS 0x0000000088e00000, 0x0000000088e00000| Complete 
| 143|0x0000000088f00000, 0x0000000089000000, 0x0000000089000000|100%| E|CS|TAMS 0x0000000088f00000, 0x0000000088f00000| Complete 
| 144|0x0000000089000000, 0x0000000089100000, 0x0000000089100000|100%| E|CS|TAMS 0x0000000089000000, 0x0000000089000000| Complete 
| 145|0x0000000089100000, 0x0000000089200000, 0x0000000089200000|100%| E|CS|TAMS 0x0000000089100000, 0x0000000089100000| Complete 
| 146|0x0000000089200000, 0x0000000089300000, 0x0000000089300000|100%| E|CS|TAMS 0x0000000089200000, 0x0000000089200000| Complete 
| 147|0x0000000089300000, 0x0000000089400000, 0x0000000089400000|100%| E|CS|TAMS 0x0000000089300000, 0x0000000089300000| Complete 
| 148|0x0000000089400000, 0x0000000089500000, 0x0000000089500000|100%| E|CS|TAMS 0x0000000089400000, 0x0000000089400000| Complete 
| 149|0x0000000089500000, 0x0000000089600000, 0x0000000089600000|100%| E|CS|TAMS 0x0000000089500000, 0x0000000089500000| Complete 
| 150|0x0000000089600000, 0x0000000089700000, 0x0000000089700000|100%| E|CS|TAMS 0x0000000089600000, 0x0000000089600000| Complete 
| 151|0x0000000089700000, 0x0000000089800000, 0x0000000089800000|100%| E|CS|TAMS 0x0000000089700000, 0x0000000089700000| Complete 
| 152|0x0000000089800000, 0x0000000089900000, 0x0000000089900000|100%| E|CS|TAMS 0x0000000089800000, 0x0000000089800000| Complete 
| 153|0x0000000089900000, 0x0000000089a00000, 0x0000000089a00000|100%| E|CS|TAMS 0x0000000089900000, 0x0000000089900000| Complete 
| 154|0x0000000089a00000, 0x0000000089b00000, 0x0000000089b00000|100%| E|CS|TAMS 0x0000000089a00000, 0x0000000089a00000| Complete 
| 155|0x0000000089b00000, 0x0000000089c00000, 0x0000000089c00000|100%| E|CS|TAMS 0x0000000089b00000, 0x0000000089b00000| Complete 
| 156|0x0000000089c00000, 0x0000000089d00000, 0x0000000089d00000|100%| E|CS|TAMS 0x0000000089c00000, 0x0000000089c00000| Complete 
| 157|0x0000000089d00000, 0x0000000089e00000, 0x0000000089e00000|100%| E|CS|TAMS 0x0000000089d00000, 0x0000000089d00000| Complete 
| 158|0x0000000089e00000, 0x0000000089f00000, 0x0000000089f00000|100%| E|CS|TAMS 0x0000000089e00000, 0x0000000089e00000| Complete 
| 159|0x0000000089f00000, 0x000000008a000000, 0x000000008a000000|100%| E|  |TAMS 0x0000000089f00000, 0x0000000089f00000| Complete 
| 160|0x000000008a000000, 0x000000008a100000, 0x000000008a100000|100%| E|CS|TAMS 0x000000008a000000, 0x000000008a000000| Complete 
| 161|0x000000008a100000, 0x000000008a200000, 0x000000008a200000|100%| E|CS|TAMS 0x000000008a100000, 0x000000008a100000| Complete 
| 162|0x000000008a200000, 0x000000008a300000, 0x000000008a300000|100%| E|CS|TAMS 0x000000008a200000, 0x000000008a200000| Complete 
| 163|0x000000008a300000, 0x000000008a400000, 0x000000008a400000|100%| E|CS|TAMS 0x000000008a300000, 0x000000008a300000| Complete 
| 164|0x000000008a400000, 0x000000008a500000, 0x000000008a500000|100%| E|CS|TAMS 0x000000008a400000, 0x000000008a400000| Complete 
| 165|0x000000008a500000, 0x000000008a600000, 0x000000008a600000|100%| E|CS|TAMS 0x000000008a500000, 0x000000008a500000| Complete 
| 166|0x000000008a600000, 0x000000008a700000, 0x000000008a700000|100%| E|CS|TAMS 0x000000008a600000, 0x000000008a600000| Complete 
| 167|0x000000008a700000, 0x000000008a800000, 0x000000008a800000|100%| E|CS|TAMS 0x000000008a700000, 0x000000008a700000| Complete 
| 168|0x000000008a800000, 0x000000008a900000, 0x000000008a900000|100%| E|CS|TAMS 0x000000008a800000, 0x000000008a800000| Complete 
| 169|0x000000008a900000, 0x000000008aa00000, 0x000000008aa00000|100%| E|CS|TAMS 0x000000008a900000, 0x000000008a900000| Complete 
| 170|0x000000008aa00000, 0x000000008ab00000, 0x000000008ab00000|100%| E|CS|TAMS 0x000000008aa00000, 0x000000008aa00000| Complete 
| 171|0x000000008ab00000, 0x000000008ac00000, 0x000000008ac00000|100%| E|CS|TAMS 0x000000008ab00000, 0x000000008ab00000| Complete 
| 172|0x000000008ac00000, 0x000000008ad00000, 0x000000008ad00000|100%| E|CS|TAMS 0x000000008ac00000, 0x000000008ac00000| Complete 
| 173|0x000000008ad00000, 0x000000008ae00000, 0x000000008ae00000|100%| E|CS|TAMS 0x000000008ad00000, 0x000000008ad00000| Complete 
| 174|0x000000008ae00000, 0x000000008af00000, 0x000000008af00000|100%| E|CS|TAMS 0x000000008ae00000, 0x000000008ae00000| Complete 
| 175|0x000000008af00000, 0x000000008b000000, 0x000000008b000000|100%| E|CS|TAMS 0x000000008af00000, 0x000000008af00000| Complete 
| 176|0x000000008b000000, 0x000000008b100000, 0x000000008b100000|100%| E|CS|TAMS 0x000000008b000000, 0x000000008b000000| Complete 
| 177|0x000000008b100000, 0x000000008b200000, 0x000000008b200000|100%| E|CS|TAMS 0x000000008b100000, 0x000000008b100000| Complete 
| 178|0x000000008b200000, 0x000000008b300000, 0x000000008b300000|100%| E|CS|TAMS 0x000000008b200000, 0x000000008b200000| Complete 
| 179|0x000000008b300000, 0x000000008b400000, 0x000000008b400000|100%| E|CS|TAMS 0x000000008b300000, 0x000000008b300000| Complete 
| 180|0x000000008b400000, 0x000000008b500000, 0x000000008b500000|100%| E|CS|TAMS 0x000000008b400000, 0x000000008b400000| Complete 
| 181|0x000000008b500000, 0x000000008b600000, 0x000000008b600000|100%| E|CS|TAMS 0x000000008b500000, 0x000000008b500000| Complete 
| 182|0x000000008b600000, 0x000000008b700000, 0x000000008b700000|100%| E|CS|TAMS 0x000000008b600000, 0x000000008b600000| Complete 
| 183|0x000000008b700000, 0x000000008b800000, 0x000000008b800000|100%| E|CS|TAMS 0x000000008b700000, 0x000000008b700000| Complete 
| 184|0x000000008b800000, 0x000000008b900000, 0x000000008b900000|100%| E|CS|TAMS 0x000000008b800000, 0x000000008b800000| Complete 
| 185|0x000000008b900000, 0x000000008ba00000, 0x000000008ba00000|100%| E|CS|TAMS 0x000000008b900000, 0x000000008b900000| Complete 
| 186|0x000000008ba00000, 0x000000008bb00000, 0x000000008bb00000|100%| E|CS|TAMS 0x000000008ba00000, 0x000000008ba00000| Complete 
| 187|0x000000008bb00000, 0x000000008bc00000, 0x000000008bc00000|100%| E|CS|TAMS 0x000000008bb00000, 0x000000008bb00000| Complete 
| 188|0x000000008bc00000, 0x000000008bd00000, 0x000000008bd00000|100%| E|CS|TAMS 0x000000008bc00000, 0x000000008bc00000| Complete 
| 189|0x000000008bd00000, 0x000000008be00000, 0x000000008be00000|100%| E|CS|TAMS 0x000000008bd00000, 0x000000008bd00000| Complete 
| 190|0x000000008be00000, 0x000000008bf00000, 0x000000008bf00000|100%| E|CS|TAMS 0x000000008be00000, 0x000000008be00000| Complete 
| 191|0x000000008bf00000, 0x000000008c000000, 0x000000008c000000|100%| E|CS|TAMS 0x000000008bf00000, 0x000000008bf00000| Complete 
| 192|0x000000008c000000, 0x000000008c100000, 0x000000008c100000|100%| E|CS|TAMS 0x000000008c000000, 0x000000008c000000| Complete 
| 193|0x000000008c100000, 0x000000008c200000, 0x000000008c200000|100%| E|CS|TAMS 0x000000008c100000, 0x000000008c100000| Complete 
| 194|0x000000008c200000, 0x000000008c300000, 0x000000008c300000|100%| E|CS|TAMS 0x000000008c200000, 0x000000008c200000| Complete 
| 195|0x000000008c300000, 0x000000008c400000, 0x000000008c400000|100%| E|CS|TAMS 0x000000008c300000, 0x000000008c300000| Complete 
| 196|0x000000008c400000, 0x000000008c500000, 0x000000008c500000|100%| E|CS|TAMS 0x000000008c400000, 0x000000008c400000| Complete 
| 197|0x000000008c500000, 0x000000008c600000, 0x000000008c600000|100%| E|CS|TAMS 0x000000008c500000, 0x000000008c500000| Complete 
| 198|0x000000008c600000, 0x000000008c700000, 0x000000008c700000|100%| E|CS|TAMS 0x000000008c600000, 0x000000008c600000| Complete 
| 199|0x000000008c700000, 0x000000008c800000, 0x000000008c800000|100%| E|CS|TAMS 0x000000008c700000, 0x000000008c700000| Complete 
| 200|0x000000008c800000, 0x000000008c900000, 0x000000008c900000|100%| E|CS|TAMS 0x000000008c800000, 0x000000008c800000| Complete 
| 201|0x000000008c900000, 0x000000008ca00000, 0x000000008ca00000|100%| E|CS|TAMS 0x000000008c900000, 0x000000008c900000| Complete 
| 202|0x000000008ca00000, 0x000000008cb00000, 0x000000008cb00000|100%| E|CS|TAMS 0x000000008ca00000, 0x000000008ca00000| Complete 
| 203|0x000000008cb00000, 0x000000008cc00000, 0x000000008cc00000|100%| E|CS|TAMS 0x000000008cb00000, 0x000000008cb00000| Complete 
| 204|0x000000008cc00000, 0x000000008cd00000, 0x000000008cd00000|100%| E|CS|TAMS 0x000000008cc00000, 0x000000008cc00000| Complete 
| 205|0x000000008cd00000, 0x000000008ce00000, 0x000000008ce00000|100%| E|CS|TAMS 0x000000008cd00000, 0x000000008cd00000| Complete 
| 206|0x000000008ce00000, 0x000000008cf00000, 0x000000008cf00000|100%| E|CS|TAMS 0x000000008ce00000, 0x000000008ce00000| Complete 
| 207|0x000000008cf00000, 0x000000008d000000, 0x000000008d000000|100%| E|CS|TAMS 0x000000008cf00000, 0x000000008cf00000| Complete 
| 208|0x000000008d000000, 0x000000008d100000, 0x000000008d100000|100%| E|CS|TAMS 0x000000008d000000, 0x000000008d000000| Complete 
| 209|0x000000008d100000, 0x000000008d200000, 0x000000008d200000|100%| E|CS|TAMS 0x000000008d100000, 0x000000008d100000| Complete 
| 210|0x000000008d200000, 0x000000008d300000, 0x000000008d300000|100%| E|CS|TAMS 0x000000008d200000, 0x000000008d200000| Complete 
| 211|0x000000008d300000, 0x000000008d400000, 0x000000008d400000|100%| E|CS|TAMS 0x000000008d300000, 0x000000008d300000| Complete 
| 212|0x000000008d400000, 0x000000008d500000, 0x000000008d500000|100%| E|CS|TAMS 0x000000008d400000, 0x000000008d400000| Complete 
| 213|0x000000008d500000, 0x000000008d600000, 0x000000008d600000|100%| E|CS|TAMS 0x000000008d500000, 0x000000008d500000| Complete 
| 214|0x000000008d600000, 0x000000008d700000, 0x000000008d700000|100%| E|CS|TAMS 0x000000008d600000, 0x000000008d600000| Complete 
| 215|0x000000008d700000, 0x000000008d800000, 0x000000008d800000|100%| E|CS|TAMS 0x000000008d700000, 0x000000008d700000| Complete 
| 216|0x000000008d800000, 0x000000008d900000, 0x000000008d900000|100%| E|CS|TAMS 0x000000008d800000, 0x000000008d800000| Complete 
| 217|0x000000008d900000, 0x000000008da00000, 0x000000008da00000|100%| E|CS|TAMS 0x000000008d900000, 0x000000008d900000| Complete 
| 218|0x000000008da00000, 0x000000008db00000, 0x000000008db00000|100%| E|CS|TAMS 0x000000008da00000, 0x000000008da00000| Complete 
| 219|0x000000008db00000, 0x000000008dc00000, 0x000000008dc00000|100%| E|CS|TAMS 0x000000008db00000, 0x000000008db00000| Complete 
| 220|0x000000008dc00000, 0x000000008dd00000, 0x000000008dd00000|100%| E|CS|TAMS 0x000000008dc00000, 0x000000008dc00000| Complete 
| 221|0x000000008dd00000, 0x000000008de00000, 0x000000008de00000|100%| E|CS|TAMS 0x000000008dd00000, 0x000000008dd00000| Complete 
| 222|0x000000008de00000, 0x000000008df00000, 0x000000008df00000|100%| E|CS|TAMS 0x000000008de00000, 0x000000008de00000| Complete 
| 223|0x000000008df00000, 0x000000008e000000, 0x000000008e000000|100%| E|CS|TAMS 0x000000008df00000, 0x000000008df00000| Complete 
| 224|0x000000008e000000, 0x000000008e100000, 0x000000008e100000|100%| E|CS|TAMS 0x000000008e000000, 0x000000008e000000| Complete 
| 225|0x000000008e100000, 0x000000008e200000, 0x000000008e200000|100%| E|CS|TAMS 0x000000008e100000, 0x000000008e100000| Complete 
| 226|0x000000008e200000, 0x000000008e300000, 0x000000008e300000|100%| E|CS|TAMS 0x000000008e200000, 0x000000008e200000| Complete 
| 227|0x000000008e300000, 0x000000008e400000, 0x000000008e400000|100%| E|CS|TAMS 0x000000008e300000, 0x000000008e300000| Complete 
| 228|0x000000008e400000, 0x000000008e500000, 0x000000008e500000|100%| E|CS|TAMS 0x000000008e400000, 0x000000008e400000| Complete 
| 229|0x000000008e500000, 0x000000008e600000, 0x000000008e600000|100%| E|CS|TAMS 0x000000008e500000, 0x000000008e500000| Complete 
| 230|0x000000008e600000, 0x000000008e700000, 0x000000008e700000|100%| E|CS|TAMS 0x000000008e600000, 0x000000008e600000| Complete 
| 231|0x000000008e700000, 0x000000008e800000, 0x000000008e800000|100%| E|CS|TAMS 0x000000008e700000, 0x000000008e700000| Complete 
| 232|0x000000008e800000, 0x000000008e900000, 0x000000008e900000|100%| E|CS|TAMS 0x000000008e800000, 0x000000008e800000| Complete 
| 233|0x000000008e900000, 0x000000008ea00000, 0x000000008ea00000|100%| E|CS|TAMS 0x000000008e900000, 0x000000008e900000| Complete 
| 234|0x000000008ea00000, 0x000000008eb00000, 0x000000008eb00000|100%| E|CS|TAMS 0x000000008ea00000, 0x000000008ea00000| Complete 
| 235|0x000000008eb00000, 0x000000008ec00000, 0x000000008ec00000|100%| E|CS|TAMS 0x000000008eb00000, 0x000000008eb00000| Complete 
| 236|0x000000008ec00000, 0x000000008ed00000, 0x000000008ed00000|100%| E|CS|TAMS 0x000000008ec00000, 0x000000008ec00000| Complete 
| 237|0x000000008ed00000, 0x000000008ee00000, 0x000000008ee00000|100%| E|CS|TAMS 0x000000008ed00000, 0x000000008ed00000| Complete 
| 238|0x000000008ee00000, 0x000000008ef00000, 0x000000008ef00000|100%| E|CS|TAMS 0x000000008ee00000, 0x000000008ee00000| Complete 
| 239|0x000000008ef00000, 0x000000008f000000, 0x000000008f000000|100%| E|CS|TAMS 0x000000008ef00000, 0x000000008ef00000| Complete 
| 240|0x000000008f000000, 0x000000008f100000, 0x000000008f100000|100%| E|CS|TAMS 0x000000008f000000, 0x000000008f000000| Complete 
| 241|0x000000008f100000, 0x000000008f200000, 0x000000008f200000|100%| E|CS|TAMS 0x000000008f100000, 0x000000008f100000| Complete 
| 242|0x000000008f200000, 0x000000008f300000, 0x000000008f300000|100%| E|CS|TAMS 0x000000008f200000, 0x000000008f200000| Complete 
| 243|0x000000008f300000, 0x000000008f400000, 0x000000008f400000|100%| E|CS|TAMS 0x000000008f300000, 0x000000008f300000| Complete 
| 244|0x000000008f400000, 0x000000008f500000, 0x000000008f500000|100%| E|CS|TAMS 0x000000008f400000, 0x000000008f400000| Complete 
| 245|0x000000008f500000, 0x000000008f600000, 0x000000008f600000|100%| E|CS|TAMS 0x000000008f500000, 0x000000008f500000| Complete 
| 246|0x000000008f600000, 0x000000008f700000, 0x000000008f700000|100%| E|CS|TAMS 0x000000008f600000, 0x000000008f600000| Complete 
| 247|0x000000008f700000, 0x000000008f800000, 0x000000008f800000|100%| E|CS|TAMS 0x000000008f700000, 0x000000008f700000| Complete 

Card table byte_map: [0x000002725a8c0000,0x000002725acc0000] _byte_map_base: 0x000002725a4c0000

Marking Bits (Prev, Next): (CMBitMap*) 0x000002724523c848, (CMBitMap*) 0x000002724523c880
 Prev Bits: [0x000002725b0c0000, 0x000002725d0c0000)
 Next Bits: [0x000002725d0c0000, 0x000002725f0c0000)

Polling page: 0x0000027244ef0000

Metaspace:

Usage:
  Non-class:     46.04 MB capacity,    45.28 MB ( 98%) used,   630.10 KB (  1%) free+waste,   144.44 KB ( <1%) overhead. 
      Class:      7.09 MB capacity,     6.60 MB ( 93%) used,   428.25 KB (  6%) free+waste,    68.50 KB ( <1%) overhead. 
       Both:     53.13 MB capacity,    51.89 MB ( 98%) used,     1.03 MB (  2%) free+waste,   212.94 KB ( <1%) overhead. 

Virtual space:
  Non-class space:       48.00 MB reserved,      46.12 MB ( 96%) committed 
      Class space:        1.00 GB reserved,       7.13 MB ( <1%) committed 
             Both:        1.05 GB reserved,      53.25 MB (  5%) committed 

Chunk freelists:
   Non-Class:  0 bytes
       Class:  0 bytes
        Both:  0 bytes

MaxMetaspaceSize: 17179869184.00 GB
CompressedClassSpaceSize: 1.00 GB
Initial GC threshold: 20.80 MB
Current GC threshold: 58.54 MB
CDS: off

CodeHeap 'non-profiled nmethods': size=119168Kb used=3212Kb max_used=3212Kb free=115955Kb
 bounds [0x0000027252090000, 0x00000272523c0000, 0x00000272594f0000]
CodeHeap 'profiled nmethods': size=119168Kb used=12854Kb max_used=12854Kb free=106313Kb
 bounds [0x000002724ac30000, 0x000002724b8c0000, 0x0000027252090000]
CodeHeap 'non-nmethods': size=7424Kb used=3996Kb max_used=4033Kb free=3427Kb
 bounds [0x000002724a4f0000, 0x000002724a8f0000, 0x000002724ac30000]
 total_blobs=6900 nmethods=6092 adapters=717
 compilation: enabled
              stopped_count=0, restarted_count=0
 full_count=0

Compilation events (20 events):
Event: 10.002 Thread 0x0000027263dcd800 6075       1       com.google.gson.reflect.TypeToken::getRawType (5 bytes)
Event: 10.002 Thread 0x0000027263dcd800 nmethod 6075 0x00000272523b1890 code [0x00000272523b1a40, 0x00000272523b1af8]
Event: 10.003 Thread 0x0000027262a38800 6076       3       java.lang.reflect.Modifier::isVolatile (13 bytes)
Event: 10.003 Thread 0x0000027262a38800 nmethod 6076 0x000002724b8ae910 code [0x000002724b8aeac0, 0x000002724b8aebf8]
Event: 10.008 Thread 0x0000027265bc1000 6077       3       java.lang.reflect.AccessibleObject::verifyAccess (84 bytes)
Event: 10.008 Thread 0x0000027265bc1000 nmethod 6077 0x000002724b8aec90 code [0x000002724b8aee80, 0x000002724b8af4a8]
Event: 10.010 Thread 0x0000027262b80000 6082       3       org.gradle.internal.event.DefaultListenerManager$EventBroadcast::doStartNotification (48 bytes)
Event: 10.010 Thread 0x0000027263dcd800 6078   !   3       org.gradle.internal.event.DefaultListenerManager$EventBroadcast$ListenerDispatch::dispatch (55 bytes)
Event: 10.010 Thread 0x0000027262a38800 6079       3       org.gradle.internal.event.DefaultListenerManager$EventBroadcast::access$500 (6 bytes)
Event: 10.010 Thread 0x0000027265bc1000 6080       3       org.gradle.internal.event.DefaultListenerManager$EventBroadcast::startNotification (50 bytes)
Event: 10.010 Thread 0x0000027262a38800 nmethod 6079 0x000002724b8af610 code [0x000002724b8af7c0, 0x000002724b8af8c8]
Event: 10.010 Thread 0x0000027262a38800 6081       3       org.gradle.internal.event.DefaultListenerManager$EventBroadcast::takeOwnership (45 bytes)
Event: 10.011 Thread 0x0000027263dcd800 nmethod 6078 0x000002724b8af990 code [0x000002724b8afbc0, 0x000002724b8b0178]
Event: 10.011 Thread 0x0000027265bc1000 nmethod 6080 0x000002724b8b0490 code [0x000002724b8b0680, 0x000002724b8b0948]
Event: 10.011 Thread 0x0000027263dcd800 6083       3       org.gradle.internal.event.DefaultListenerManager$EventBroadcast::access$600 (6 bytes)
Event: 10.011 Thread 0x0000027262b80000 nmethod 6082 0x000002724b8b0a90 code [0x000002724b8b0d00, 0x000002724b8b18a8]
Event: 10.011 Thread 0x0000027263dcd800 nmethod 6083 0x000002724b8b1b90 code [0x000002724b8b1d40, 0x000002724b8b1e48]
Event: 10.011 Thread 0x0000027265bc1000 6084       3       com.google.common.cache.LocalCache$LocalManualCache::getIfPresent (9 bytes)
Event: 10.011 Thread 0x0000027265bc1000 nmethod 6084 0x000002724b8b1f10 code [0x000002724b8b20c0, 0x000002724b8b21e8]
Event: 10.012 Thread 0x0000027262a38800 nmethod 6081 0x000002724b8b2290 code [0x000002724b8b25c0, 0x000002724b8b3888]

GC Heap History (10 events):
Event: 0.942 GC heap before
{Heap before GC invocations=0 (full 0):
 garbage-first heap   total 253952K, used 29696K [0x0000000080000000, 0x0000000100000000)
  region size 1024K, 24 young (24576K), 0 survivors (0K)
 Metaspace       used 10255K, capacity 10433K, committed 10624K, reserved 1058816K
  class space    used 1067K, capacity 1140K, committed 1152K, reserved 1048576K
}
Event: 0.947 GC heap after
{Heap after GC invocations=1 (full 0):
 garbage-first heap   total 253952K, used 9685K [0x0000000080000000, 0x0000000100000000)
  region size 1024K, 3 young (3072K), 3 survivors (3072K)
 Metaspace       used 10255K, capacity 10433K, committed 10624K, reserved 1058816K
  class space    used 1067K, capacity 1140K, committed 1152K, reserved 1048576K
}
Event: 3.948 GC heap before
{Heap before GC invocations=1 (full 0):
 garbage-first heap   total 253952K, used 113109K [0x0000000080000000, 0x0000000100000000)
  region size 1024K, 105 young (107520K), 3 survivors (3072K)
 Metaspace       used 20698K, capacity 21117K, committed 21296K, reserved 1069056K
  class space    used 2538K, capacity 2680K, committed 2688K, reserved 1048576K
}
Event: 3.960 GC heap after
{Heap after GC invocations=2 (full 0):
 garbage-first heap   total 253952K, used 17358K [0x0000000080000000, 0x0000000100000000)
  region size 1024K, 11 young (11264K), 11 survivors (11264K)
 Metaspace       used 20698K, capacity 21117K, committed 21296K, reserved 1069056K
  class space    used 2538K, capacity 2680K, committed 2688K, reserved 1048576K
}
Event: 4.094 GC heap before
{Heap before GC invocations=3 (full 0):
 garbage-first heap   total 253952K, used 28622K [0x0000000080000000, 0x0000000100000000)
  region size 1024K, 22 young (22528K), 11 survivors (11264K)
 Metaspace       used 22136K, capacity 22598K, committed 22832K, reserved 1069056K
  class space    used 2740K, capacity 2902K, committed 2944K, reserved 1048576K
}
Event: 4.100 GC heap after
{Heap after GC invocations=4 (full 0):
 garbage-first heap   total 253952K, used 18226K [0x0000000080000000, 0x0000000100000000)
  region size 1024K, 1 young (1024K), 1 survivors (1024K)
 Metaspace       used 22136K, capacity 22598K, committed 22832K, reserved 1069056K
  class space    used 2740K, capacity 2902K, committed 2944K, reserved 1048576K
}
Event: 5.587 GC heap before
{Heap before GC invocations=4 (full 0):
 garbage-first heap   total 253952K, used 119602K [0x0000000080000000, 0x0000000100000000)
  region size 1024K, 101 young (103424K), 1 survivors (1024K)
 Metaspace       used 34849K, capacity 35630K, committed 35708K, reserved 1081344K
  class space    used 4497K, capacity 4807K, committed 4864K, reserved 1048576K
}
Event: 5.601 GC heap after
{Heap after GC invocations=5 (full 0):
 garbage-first heap   total 253952K, used 22555K [0x0000000080000000, 0x0000000100000000)
  region size 1024K, 6 young (6144K), 6 survivors (6144K)
 Metaspace       used 34849K, capacity 35630K, committed 35708K, reserved 1081344K
  class space    used 4497K, capacity 4807K, committed 4864K, reserved 1048576K
}
Event: 8.132 GC heap before
{Heap before GC invocations=6 (full 0):
 garbage-first heap   total 253952K, used 143387K [0x0000000080000000, 0x0000000100000000)
  region size 1024K, 121 young (123904K), 6 survivors (6144K)
 Metaspace       used 45024K, capacity 46011K, committed 46332K, reserved 1089536K
  class space    used 5773K, capacity 6164K, committed 6272K, reserved 1048576K
}
Event: 8.140 GC heap after
{Heap after GC invocations=7 (full 0):
 garbage-first heap   total 253952K, used 30159K [0x0000000080000000, 0x0000000100000000)
  region size 1024K, 13 young (13312K), 13 survivors (13312K)
 Metaspace       used 45024K, capacity 46011K, committed 46332K, reserved 1089536K
  class space    used 5773K, capacity 6164K, committed 6272K, reserved 1048576K
}

Deoptimization events (20 events):
Event: 9.674 Thread 0x0000027262ba3800 Uncommon trap: trap_request=0xffffffc6 fr.pc=0x00000272522b3bf0 relative=0x0000000000003c50
Event: 9.674 Thread 0x0000027262ba3800 Uncommon trap: reason=bimorphic_or_optimized_type_check action=maybe_recompile pc=0x00000272522b3bf0 method=java.util.AbstractCollection.addAll(Ljava/util/Collection;)Z @ 29 c2
Event: 9.674 Thread 0x0000027262ba3800 DEOPT PACKING pc=0x00000272522b3bf0 sp=0x000000e39e4fb920
Event: 9.674 Thread 0x0000027262ba3800 DEOPT UNPACKING pc=0x000002724a53a1af sp=0x000000e39e4fb920 mode 2
Event: 9.700 Thread 0x0000027262ba3800 Uncommon trap: trap_request=0xffffffc6 fr.pc=0x00000272521b8a20 relative=0x0000000000000240
Event: 9.700 Thread 0x0000027262ba3800 Uncommon trap: reason=bimorphic_or_optimized_type_check action=maybe_recompile pc=0x00000272521b8a20 method=com.google.common.base.CharMatcher.indexIn(Ljava/lang/CharSequence;I)I @ 31 c2
Event: 9.700 Thread 0x0000027262ba3800 DEOPT PACKING pc=0x00000272521b8a20 sp=0x000000e39e4f8280
Event: 9.700 Thread 0x0000027262ba3800 DEOPT UNPACKING pc=0x000002724a53a1af sp=0x000000e39e4f8228 mode 2
Event: 9.702 Thread 0x0000027262ba3800 Uncommon trap: trap_request=0xffffff4d fr.pc=0x00000272520f0de0 relative=0x0000000000000580
Event: 9.702 Thread 0x0000027262ba3800 Uncommon trap: reason=unstable_if action=reinterpret pc=0x00000272520f0de0 method=java.util.jar.Manifest$FastInputStream.readLine([BII)I @ 130 c2
Event: 9.702 Thread 0x0000027262ba3800 DEOPT PACKING pc=0x00000272520f0de0 sp=0x000000e39e4f7a90
Event: 9.702 Thread 0x0000027262ba3800 DEOPT UNPACKING pc=0x000002724a53a1af sp=0x000000e39e4f7a20 mode 2
Event: 9.864 Thread 0x0000027262ba3800 Uncommon trap: trap_request=0xffffff45 fr.pc=0x000002725227e8c4 relative=0x0000000000000da4
Event: 9.864 Thread 0x0000027262ba3800 Uncommon trap: reason=unstable_fused_if action=reinterpret pc=0x000002725227e8c4 method=org.objectweb.asm.ByteVector.putUTF8(Ljava/lang/String;)Lorg/objectweb/asm/ByteVector; @ 93 c2
Event: 9.864 Thread 0x0000027262ba3800 DEOPT PACKING pc=0x000002725227e8c4 sp=0x000000e39e4f7db0
Event: 9.864 Thread 0x0000027262ba3800 DEOPT UNPACKING pc=0x000002724a53a1af sp=0x000000e39e4f7d08 mode 2
Event: 9.886 Thread 0x0000027262ba3800 Uncommon trap: trap_request=0xffffff45 fr.pc=0x00000272521df4ec relative=0x000000000000020c
Event: 9.886 Thread 0x0000027262ba3800 Uncommon trap: reason=unstable_fused_if action=reinterpret pc=0x00000272521df4ec method=org.objectweb.asm.ByteVector.putUTF8(Ljava/lang/String;)Lorg/objectweb/asm/ByteVector; @ 93 c2
Event: 9.886 Thread 0x0000027262ba3800 DEOPT PACKING pc=0x00000272521df4ec sp=0x000000e39e4f80d0
Event: 9.886 Thread 0x0000027262ba3800 DEOPT UNPACKING pc=0x000002724a53a1af sp=0x000000e39e4f8050 mode 2

Classes redefined (0 events):
No events

Internal exceptions (20 events):
Event: 9.643 Thread 0x0000027262ba3800 Exception <a 'java/lang/ClassNotFoundException'{0x0000000089525c40}: org/gradle/api/DefaultTaskCustomizer> (0x0000000089525c40) thrown at [./src/hotspot/share/classfile/systemDictionary.cpp, line 231]
Event: 9.646 Thread 0x0000027262ba3800 Exception <a 'java/lang/ClassNotFoundException'{0x00000000895a83e8}: org/gradle/api/internal/ConventionTaskCustomizer> (0x00000000895a83e8) thrown at [./src/hotspot/share/classfile/systemDictionary.cpp, line 231]
Event: 9.647 Thread 0x0000027262ba3800 Exception <a 'java/lang/ClassNotFoundException'{0x00000000895e1900}: org/gradle/api/tasks/DeleteCustomizer> (0x00000000895e1900) thrown at [./src/hotspot/share/classfile/systemDictionary.cpp, line 231]
Event: 9.649 Thread 0x0000027262ba3800 Exception <a 'java/lang/ClassNotFoundException'{0x0000000089422108}: org/gradle/api/tasks/Delete_DecoratedCustomizer> (0x0000000089422108) thrown at [./src/hotspot/share/classfile/systemDictionary.cpp, line 231]
Event: 9.669 Thread 0x0000027262ba3800 Exception <a 'java/lang/NoSuchMethodError'{0x0000000089337148}: 'long java.lang.invoke.DirectMethodHandle$Holder.invokeVirtual(java.lang.Object, java.lang.Object)'> (0x0000000089337148) thrown at [./src/hotspot/share/interpreter/linkResolver.cpp, line 773]
Event: 9.675 Thread 0x0000027264fe1000 Exception <a 'java/lang/NoSuchMethodError'{0x000000008f789168}: <clinit>> (0x000000008f789168) thrown at [./src/hotspot/share/prims/jni.cpp, line 1365]
Event: 9.681 Thread 0x0000027264fe1000 Exception <a 'java/lang/NoSuchMethodError'{0x0000000089398158}: <clinit>> (0x0000000089398158) thrown at [./src/hotspot/share/prims/jni.cpp, line 1365]
Event: 9.681 Thread 0x0000027264fe1000 Exception <a 'java/lang/NoSuchMethodError'{0x0000000089399268}: <clinit>> (0x0000000089399268) thrown at [./src/hotspot/share/prims/jni.cpp, line 1365]
Event: 9.682 Thread 0x0000027264fe1000 Exception <a 'java/lang/NoSuchMethodError'{0x000000008939a570}: <clinit>> (0x000000008939a570) thrown at [./src/hotspot/share/prims/jni.cpp, line 1365]
Event: 9.682 Thread 0x0000027264fe1000 Exception <a 'java/lang/NoSuchMethodError'{0x000000008939b590}: <clinit>> (0x000000008939b590) thrown at [./src/hotspot/share/prims/jni.cpp, line 1365]
Event: 9.683 Thread 0x0000027264fe1000 Exception <a 'java/lang/NoSuchMethodError'{0x0000000089209748}: <clinit>> (0x0000000089209748) thrown at [./src/hotspot/share/prims/jni.cpp, line 1365]
Event: 9.685 Thread 0x0000027264fe1000 Exception <a 'java/lang/NoSuchMethodError'{0x0000000089213c70}: <clinit>> (0x0000000089213c70) thrown at [./src/hotspot/share/prims/jni.cpp, line 1365]
Event: 9.687 Thread 0x0000027264fe1000 Exception <a 'java/lang/NoSuchMethodError'{0x0000000089227618}: <clinit>> (0x0000000089227618) thrown at [./src/hotspot/share/prims/jni.cpp, line 1365]
Event: 9.697 Thread 0x0000027262ba3800 Exception <a 'java/lang/ClassNotFoundException'{0x000000008925dcb8}: build_57xg8des21t2oakmvfbzhp3gpBeanInfo> (0x000000008925dcb8) thrown at [./src/hotspot/share/classfile/systemDictionary.cpp, line 231]
Event: 9.697 Thread 0x0000027262ba3800 Exception <a 'java/lang/ClassNotFoundException'{0x0000000089268c70}: build_57xg8des21t2oakmvfbzhp3gpCustomizer> (0x0000000089268c70) thrown at [./src/hotspot/share/classfile/systemDictionary.cpp, line 231]
Event: 9.717 Thread 0x0000027262ba3800 Exception <a 'java/lang/ClassNotFoundException'{0x00000000891f2f70}: org/gradle/api/internal/plugins/DefaultObjectConfigurationActionBeanInfo> (0x00000000891f2f70) thrown at [./src/hotspot/share/classfile/systemDictionary.cpp, line 231]
Event: 9.718 Thread 0x0000027262ba3800 Exception <a 'java/lang/ClassNotFoundException'{0x0000000089028668}: org/gradle/api/internal/plugins/DefaultObjectConfigurationActionCustomizer> (0x0000000089028668) thrown at [./src/hotspot/share/classfile/systemDictionary.cpp, line 231]
Event: 9.857 Thread 0x0000027262ba3800 Exception <a 'java/lang/NoSuchMethodError'{0x0000000088667bf0}: 'java.lang.Object java.lang.invoke.DirectMethodHandle$Holder.invokeStatic(java.lang.Object, java.lang.Object, java.lang.Object, java.lang.Object, int)'> (0x0000000088667bf0) thrown at [./src/hotspot/share/interpreter/linkResolver.cpp, line 773]
Event: 9.858 Thread 0x0000027262ba3800 Exception <a 'java/lang/NoSuchMethodError'{0x000000008866c5e8}: 'java.lang.Object java.lang.invoke.DirectMethodHandle$Holder.invokeSpecial(java.lang.Object, java.lang.Object, java.lang.Object, java.lang.Object, java.lang.Object, int)'> (0x000000008866c5e8) thrown at [./src/hotspot/share/interpreter/linkResolver.cpp, line 773]
Event: 9.858 Thread 0x0000027262ba3800 Exception <a 'java/lang/NoSuchMethodError'{0x0000000088670c28}: 'java.lang.Object java.lang.invoke.Invokers$Holder.linkToTargetMethod(java.lang.Object, java.lang.Object, java.lang.Object, int, java.lang.Object)'> (0x0000000088670c28) thrown at [./src/hotspot/share/interpreter/linkResolver.cpp, line 773]

Events (20 events):
Event: 10.017 loading class com/google/common/collect/Maps$8
Event: 10.017 loading class com/google/common/collect/Maps$8 done
Event: 10.018 loading class com/android/build/gradle/internal/errors/MessageReceiverImpl
Event: 10.018 loading class com/android/build/gradle/internal/errors/MessageReceiverImpl done
Event: 10.018 loading class com/android/ide/common/blame/MessageReceiver
Event: 10.018 loading class com/android/ide/common/blame/MessageReceiver done
Event: 10.019 loading class com/android/ide/common/blame/MessageJsonSerializer
Event: 10.019 loading class com/android/ide/common/blame/MessageJsonSerializer done
Event: 10.020 loading class com/android/ide/common/blame/Message$Kind
Event: 10.020 loading class com/android/ide/common/blame/Message$Kind done
Event: 10.020 loading class com/google/common/collect/EnumHashBiMap
Event: 10.020 loading class com/google/common/collect/EnumHashBiMap done
Event: 10.021 loading class com/google/common/collect/AbstractBiMap
Event: 10.021 loading class com/google/common/collect/AbstractBiMap done
Event: 10.022 loading class com/google/common/collect/ForwardingMap
Event: 10.022 loading class com/google/common/collect/ForwardingMap done
Event: 10.024 loading class com/google/common/collect/ForwardingObject
Event: 10.024 loading class com/google/common/collect/ForwardingObject done
Event: 10.024 loading class com/google/common/collect/AbstractBiMap$Inverse
Event: 10.024 loading class com/google/common/collect/AbstractBiMap$Inverse done


Dynamic libraries:
0x00007ff6bb500000 - 0x00007ff6bb50a000 	C:\Program Files\Android\Android Studio1\jre\bin\java.exe
0x00007ff957390000 - 0x00007ff957587000 	C:\WINDOWS\SYSTEM32\ntdll.dll
0x00007ff956f00000 - 0x00007ff956fbd000 	C:\WINDOWS\System32\KERNEL32.DLL
0x00007ff954b10000 - 0x00007ff954ddd000 	C:\WINDOWS\System32\KERNELBASE.dll
0x00007ff951dc0000 - 0x00007ff951e50000 	C:\WINDOWS\SYSTEM32\apphelp.dll
0x00007ff9552c0000 - 0x00007ff9553c0000 	C:\WINDOWS\System32\ucrtbase.dll
0x00007ff950080000 - 0x00007ff950099000 	C:\Program Files\Android\Android Studio1\jre\bin\jli.dll
0x00007ff94ffc0000 - 0x00007ff94ffd7000 	C:\Program Files\Android\Android Studio1\jre\bin\VCRUNTIME140.dll
0x00007ff956d60000 - 0x00007ff956f00000 	C:\WINDOWS\System32\USER32.dll
0x00007ff954e90000 - 0x00007ff954eb2000 	C:\WINDOWS\System32\win32u.dll
0x00007ff942e70000 - 0x00007ff94310a000 	C:\WINDOWS\WinSxS\amd64_microsoft.windows.common-controls_6595b64144ccf1df_6.0.19041.1110_none_60b5254171f9507e\COMCTL32.dll
0x00007ff956650000 - 0x00007ff95667a000 	C:\WINDOWS\System32\GDI32.dll
0x00007ff955eb0000 - 0x00007ff955f4e000 	C:\WINDOWS\System32\msvcrt.dll
0x00007ff9550c0000 - 0x00007ff9551cb000 	C:\WINDOWS\System32\gdi32full.dll
0x00007ff955020000 - 0x00007ff9550bd000 	C:\WINDOWS\System32\msvcp_win.dll
0x00007ff956c70000 - 0x00007ff956ca0000 	C:\WINDOWS\System32\IMM32.DLL
0x00007ff925af0000 - 0x00007ff925b8d000 	C:\Program Files\Android\Android Studio1\jre\bin\msvcp140.dll
0x00007ff915560000 - 0x00007ff916045000 	C:\Program Files\Android\Android Studio1\jre\bin\server\jvm.dll
0x00007ff956cb0000 - 0x00007ff956d5e000 	C:\WINDOWS\System32\ADVAPI32.dll
0x00007ff9565b0000 - 0x00007ff95664c000 	C:\WINDOWS\System32\sechost.dll
0x00007ff957170000 - 0x00007ff957295000 	C:\WINDOWS\System32\RPCRT4.dll
0x00007ff956190000 - 0x00007ff956198000 	C:\WINDOWS\System32\PSAPI.DLL
0x00007ff940e70000 - 0x00007ff940e79000 	C:\WINDOWS\SYSTEM32\WSOCK32.dll
0x00007ff952900000 - 0x00007ff952927000 	C:\WINDOWS\SYSTEM32\WINMM.dll
0x00007ff94cd70000 - 0x00007ff94cd7a000 	C:\WINDOWS\SYSTEM32\VERSION.dll
0x00007ff956fc0000 - 0x00007ff95702b000 	C:\WINDOWS\System32\WS2_32.dll
0x00007ff953340000 - 0x00007ff953352000 	C:\WINDOWS\SYSTEM32\kernel.appcore.dll
0x00007ff951d50000 - 0x00007ff951d61000 	C:\Program Files\Android\Android Studio1\jre\bin\verify.dll
0x00007ff952710000 - 0x00007ff9528f4000 	C:\WINDOWS\SYSTEM32\DBGHELP.DLL
0x00007ff9526e0000 - 0x00007ff95270c000 	C:\WINDOWS\SYSTEM32\dbgcore.DLL
0x00007ff954a80000 - 0x00007ff954b02000 	C:\WINDOWS\System32\bcryptPrimitives.dll
0x00007ff9500c0000 - 0x00007ff9500e9000 	C:\Program Files\Android\Android Studio1\jre\bin\java.dll
0x00007ff951d40000 - 0x00007ff951d4b000 	C:\Program Files\Android\Android Studio1\jre\bin\jimage.dll
0x00007ff950050000 - 0x00007ff950068000 	C:\Program Files\Android\Android Studio1\jre\bin\zip.dll
0x00007ff9553d0000 - 0x00007ff955b14000 	C:\WINDOWS\System32\SHELL32.dll
0x00007ff952b50000 - 0x00007ff9532e4000 	C:\WINDOWS\SYSTEM32\windows.storage.dll
0x00007ff9561a0000 - 0x00007ff9564f4000 	C:\WINDOWS\System32\combase.dll
0x00007ff954410000 - 0x00007ff95443c000 	C:\WINDOWS\SYSTEM32\Wldp.dll
0x00007ff955c50000 - 0x00007ff955cfd000 	C:\WINDOWS\System32\SHCORE.dll
0x00007ff956130000 - 0x00007ff956185000 	C:\WINDOWS\System32\shlwapi.dll
0x00007ff9549c0000 - 0x00007ff9549df000 	C:\WINDOWS\SYSTEM32\profapi.dll
0x00007ff950030000 - 0x00007ff95004a000 	C:\Program Files\Android\Android Studio1\jre\bin\net.dll
0x00007ff94a1a0000 - 0x00007ff94a2aa000 	C:\WINDOWS\SYSTEM32\WINHTTP.dll
0x00007ff954170000 - 0x00007ff9541da000 	C:\WINDOWS\system32\mswsock.dll
0x00007ff950010000 - 0x00007ff950024000 	C:\Program Files\Android\Android Studio1\jre\bin\nio.dll
0x00007ff935f10000 - 0x00007ff935f37000 	C:\Users\sidhu\.gradle\native\e1d6ef7f7dcc3fd88c89a11ec53ec762bb8ba0a96d01ffa2cd45eb1d1d8dd5c5\windows-amd64\native-platform.dll
0x00007ff914780000 - 0x00007ff9148c4000 	C:\Users\sidhu\.gradle\native\5664cfc778a61ccfe75a443a1ab52a65af34e5dc3c78e0209fed803814484fcb\windows-amd64\native-platform-file-events.dll
0x00007ff951d30000 - 0x00007ff951d3a000 	C:\Program Files\Android\Android Studio1\jre\bin\management.dll
0x00007ff950000000 - 0x00007ff95000d000 	C:\Program Files\Android\Android Studio1\jre\bin\management_ext.dll
0x00007ff954370000 - 0x00007ff954388000 	C:\WINDOWS\SYSTEM32\CRYPTSP.dll
0x00007ff953af0000 - 0x00007ff953b24000 	C:\WINDOWS\system32\rsaenh.dll
0x00007ff955220000 - 0x00007ff955247000 	C:\WINDOWS\System32\bcrypt.dll
0x00007ff954980000 - 0x00007ff9549ae000 	C:\WINDOWS\SYSTEM32\USERENV.dll
0x00007ff954360000 - 0x00007ff95436c000 	C:\WINDOWS\SYSTEM32\CRYPTBASE.dll
0x00007ff953e60000 - 0x00007ff953e9b000 	C:\WINDOWS\SYSTEM32\IPHLPAPI.DLL
0x00007ff956ca0000 - 0x00007ff956ca8000 	C:\WINDOWS\System32\NSI.dll
0x00007ff94c8f0000 - 0x00007ff94c907000 	C:\WINDOWS\SYSTEM32\dhcpcsvc6.DLL
0x00007ff94cd50000 - 0x00007ff94cd6d000 	C:\WINDOWS\SYSTEM32\dhcpcsvc.DLL
0x00007ff953ea0000 - 0x00007ff953f6b000 	C:\WINDOWS\SYSTEM32\DNSAPI.dll

dbghelp: loaded successfully - version: 4.0.5 - missing functions: none
symbol engine: initialized successfully - sym options: 0x614 - pdb path: .;C:\Program Files\Android\Android Studio1\jre\bin;C:\WINDOWS\SYSTEM32;C:\WINDOWS\WinSxS\amd64_microsoft.windows.common-controls_6595b64144ccf1df_6.0.19041.1110_none_60b5254171f9507e;C:\Program Files\Android\Android Studio1\jre\bin\server;C:\Users\sidhu\.gradle\native\e1d6ef7f7dcc3fd88c89a11ec53ec762bb8ba0a96d01ffa2cd45eb1d1d8dd5c5\windows-amd64;C:\Users\sidhu\.gradle\native\5664cfc778a61ccfe75a443a1ab52a65af34e5dc3c78e0209fed803814484fcb\windows-amd64

VM Arguments:
jvm_args: --add-opens=java.base/java.util=ALL-UNNAMED --add-opens=java.base/java.lang=ALL-UNNAMED --add-opens=java.base/java.lang.invoke=ALL-UNNAMED --add-opens=java.base/java.util=ALL-UNNAMED --add-opens=java.prefs/java.util.prefs=ALL-UNNAMED --add-opens=java.prefs/java.util.prefs=ALL-UNNAMED --add-opens=java.base/java.nio.charset=ALL-UNNAMED --add-opens=java.base/java.net=ALL-UNNAMED --add-opens=java.base/java.util.concurrent.atomic=ALL-UNNAMED -Xmx2048m -Dfile.encoding=UTF-8 -Duser.country=CA -Duser.language=en -Duser.variant 
java_command: org.gradle.launcher.daemon.bootstrap.GradleDaemon 7.3.3
java_class_path (initial): C:\Users\sidhu\.gradle\wrapper\dists\gradle-7.3.3-bin\6a41zxkdtcxs8rphpq6y0069z\gradle-7.3.3\lib\gradle-launcher-7.3.3.jar
Launcher Type: SUN_STANDARD

[Global flags]
     intx CICompilerCount                          = 12                                        {product} {ergonomic}
     uint ConcGCThreads                            = 3                                         {product} {ergonomic}
     uint G1ConcRefinementThreads                  = 13                                        {product} {ergonomic}
   size_t G1HeapRegionSize                         = 1048576                                   {product} {ergonomic}
    uintx GCDrainStackTargetSize                   = 64                                        {product} {ergonomic}
   size_t InitialHeapSize                          = 260046848                                 {product} {ergonomic}
   size_t MarkStackSize                            = 4194304                                   {product} {ergonomic}
   size_t MaxHeapSize                              = 2147483648                                {product} {command line}
   size_t MaxNewSize                               = 1287651328                                {product} {ergonomic}
   size_t MinHeapDeltaBytes                        = 1048576                                   {product} {ergonomic}
    uintx NonNMethodCodeHeapSize                   = 7594288                                {pd product} {ergonomic}
    uintx NonProfiledCodeHeapSize                  = 122031976                              {pd product} {ergonomic}
    uintx ProfiledCodeHeapSize                     = 122031976                              {pd product} {ergonomic}
    uintx ReservedCodeCacheSize                    = 251658240                              {pd product} {ergonomic}
     bool SegmentedCodeCache                       = true                                      {product} {ergonomic}
     bool UseCompressedClassPointers               = true                                 {lp64_product} {ergonomic}
     bool UseCompressedOops                        = true                                 {lp64_product} {ergonomic}
     bool UseG1GC                                  = true                                      {product} {ergonomic}
     bool UseLargePagesIndividualAllocation        = false                                  {pd product} {ergonomic}

Logging:
Log output configuration:
 #0: stdout all=warning uptime,level,tags
 #1: stderr all=off uptime,level,tags

Environment Variables:
PATH=C:\Program Files (x86)\VMware\VMware Workstation\bin\;C:\Program Files\Common Files\Oracle\Java\javapath;C:\Windows\system32;C:\Windows;C:\Windows\System32\Wbem;C:\Windows\System32\WindowsPowerShell\v1.0\;C:\Windows\System32\OpenSSH\;C:\Program Files (x86)\NVIDIA Corporation\PhysX\Common;C:\WINDOWS\system32;C:\WINDOWS;C:\WINDOWS\System32\Wbem;C:\WINDOWS\System32\WindowsPowerShell\v1.0\;C:\WINDOWS\System32\OpenSSH\;C:\Program Files\Java\jdk-15\bin;C:\Users\sidhu\Downloads\platform-tools_r31.0.0-windows\platform-tools;C:\Users\sidhu\Downloads\hashcat-6.1.1;C:\Program Files\NVIDIA Corporation\NVIDIA NvDLISR;C:\MinGW\bin;C:\Program Files\Microsoft\Web Platform Installer\;C:\Program Files\nodejs\;C:\php;C:\Program Files\Git\cmd;C:\Users\sidhu\AppData\Local\Microsoft\WindowsApps;C:\Program Files\JetBrains\PyCharm 2021.1.1\bin;;C:\Users\sidhu\AppData\Local\Programs\Microsoft VS Code\bin;C:\Program Files\JetBrains\CLion 2021.3.3\bin;;C:\Program Files (x86)\Nmap;C:\Users\sidhu\AppData\Roaming\npm
USERNAME=sidhu
OS=Windows_NT
PROCESSOR_IDENTIFIER=AMD64 Family 23 Model 96 Stepping 1, AuthenticAMD



---------------  S Y S T E M  ---------------

OS: Windows 10 , 64 bit Build 19041 (10.0.19041.1741)
OS uptime: 0 days 23:30 hours

CPU:total 16 (initial active 16) (16 cores per cpu, 2 threads per core) family 23 model 96 stepping 1 microcode 0x0, cmov, cx8, fxsr, mmx, sse, sse2, sse3, ssse3, sse4.1, sse4.2, popcnt, avx, avx2, aes, clmul, mmxext, 3dnowpref, lzcnt, sse4a, ht, tsc, tscinvbit, tscinv, bmi1, bmi2, adx, sha, fma

Memory: 4k page, system-wide physical 15789M (434M free)
TotalPageFile size 49057M (AvailPageFile size 48M)
current process WorkingSet (physical memory assigned to process): 368M, peak: 368M
current process commit charge ("private bytes"): 504M, peak: 504M

vm_info: OpenJDK 64-Bit Server VM (11.0.12+7-b1504.28-7817840) for windows-amd64 JRE (11.0.12+7-b1504.28-7817840), built on Oct 13 2021 22:12:33 by "builder" with MS VC++ 14.0 (VS2015)

END.
